2013-12-10T14:18:39.665374+08:00		sql	0.001933	1:(127) SELECT * FROM thread; ()
2013-12-10T15:11:24.478544+08:00		sql	0.012655	1:(127) SELECT * FROM thread; ()
2013-12-10T15:19:48.939859+08:00		sql	0.000286	1:(127) SELECT * FROM thread; ()
2013-12-10T15:20:12.566455+08:00		sql	0.000447	1:(127) SELECT * FROM thread; ()
2013-12-10T15:21:38.159361+08:00		sql	0.000676	1:(127) SELECT * FROM thread; ()
2013-12-10T15:25:04.093054+08:00		sql	0.000416	1:(127) SELECT * FROM thread; ()
2013-12-10T15:25:05.175815+08:00		sql	0.000518	1:(127) SELECT * FROM thread; ()
2013-12-10T15:25:05.991334+08:00		sql	0.000287	1:(127) SELECT * FROM thread; ()
2013-12-10T15:25:38.740084+08:00		sql	0.000528	1:(127) SELECT * FROM thread; ()
2013-12-10T15:25:39.579098+08:00		sql	0.000510	1:(127) SELECT * FROM thread; ()
2013-12-10T15:26:09.088520+08:00		sql	0.007615	1:(127) BEGIN; ()
2013-12-10T15:26:09.090313+08:00		sql	0.001460	2:(127) INSERT INTO thread SET title = ?, created = NOW(); (test_title_3)
2013-12-10T15:26:09.092563+08:00		sql	0.001966	3:(127) INSERT INTO comment SET thread_id = ?, username = ?, body = ?, created = NOW(); (3, test_name_3, test_comment_3)
2013-12-10T15:26:09.093147+08:00		sql	0.000376	4:(127) COMMIT; ()
2013-12-10T15:26:11.033700+08:00		sql	0.008495	1:(127) SELECT * FROM thread WHERE id = ?; (3)
2013-12-10T15:26:11.034970+08:00		sql	0.000947	2:(127) SELECT * FROM comment WHERE thread_id = ? ORDER BY created ASC; (3)
2013-12-10T15:26:36.836910+08:00		sql	0.000382	1:(127) SELECT * FROM thread; ()
2013-12-10T15:26:37.040931+08:00		sql	0.000321	1:(127) SELECT * FROM thread; ()
2013-12-10T15:26:39.012323+08:00		sql	0.000407	1:(127) SELECT * FROM thread WHERE id = ?; (2)
2013-12-10T15:26:39.013201+08:00		sql	0.000583	2:(127) SELECT * FROM comment WHERE thread_id = ? ORDER BY created ASC; (2)
2013-12-10T15:26:41.869921+08:00		sql	0.000476	1:(127) SELECT * FROM thread WHERE id = ?; (3)
2013-12-10T15:26:41.870457+08:00		sql	0.000331	2:(127) SELECT * FROM comment WHERE thread_id = ? ORDER BY created ASC; (3)
2013-12-10T15:26:47.617650+08:00		sql	0.000322	1:(127) SELECT * FROM thread WHERE id = ?; (2)
2013-12-10T15:26:47.618181+08:00		sql	0.000310	2:(127) SELECT * FROM comment WHERE thread_id = ? ORDER BY created ASC; (2)
2013-12-10T15:26:49.803905+08:00		sql	0.000499	1:(127) SELECT * FROM thread WHERE id = ?; (1)
2013-12-10T15:26:49.804454+08:00		sql	0.000272	2:(127) SELECT * FROM comment WHERE thread_id = ? ORDER BY created ASC; (1)
2013-12-10T15:26:54.982036+08:00		sql	0.000191	1:(127) BEGIN; ()
2013-12-10T15:26:54.982453+08:00		sql	0.000259	2:(127) INSERT INTO thread SET title = ?, created = NOW(); (test_title_3)
2013-12-10T15:26:54.990231+08:00		sql	0.007534	3:(127) INSERT INTO comment SET thread_id = ?, username = ?, body = ?, created = NOW(); (4, test_name_3, test_comment_3)
2013-12-10T15:26:54.990718+08:00		sql	0.000325	4:(127) COMMIT; ()
2013-12-10T15:26:56.165124+08:00		sql	0.000530	1:(127) SELECT * FROM thread WHERE id = ?; (4)
2013-12-10T15:26:56.165760+08:00		sql	0.000403	2:(127) SELECT * FROM comment WHERE thread_id = ? ORDER BY created ASC; (4)
2013-12-10T15:27:08.622150+08:00		sql	0.000344	1:(127) SELECT * FROM thread; ()
2013-12-10T15:27:08.825136+08:00		sql	0.000295	1:(127) SELECT * FROM thread; ()
2013-12-10T15:27:34.285070+08:00		sql	0.000265	1:(127) BEGIN; ()
2013-12-10T15:27:34.285590+08:00		sql	0.000336	2:(127) INSERT INTO thread SET title = ?, created = NOW(); (test_title_4)
2013-12-10T15:27:34.286380+08:00		sql	0.000297	3:(127) INSERT INTO comment SET thread_id = ?, username = ?, body = ?, created = NOW(); (5, test_name_4, test_comment_4)
2013-12-10T15:27:34.293346+08:00		sql	0.006769	4:(127) COMMIT; ()
2013-12-10T15:27:35.727198+08:00		sql	0.000629	1:(127) SELECT * FROM thread WHERE id = ?; (5)
2013-12-10T15:27:35.727850+08:00		sql	0.000403	2:(127) SELECT * FROM comment WHERE thread_id = ? ORDER BY created ASC; (5)
2013-12-10T15:27:42.352543+08:00		sql	0.000404	1:(127) SELECT * FROM thread WHERE id = ?; (5)
2013-12-10T15:27:42.353139+08:00		sql	0.000353	2:(127) SELECT * FROM comment WHERE thread_id = ? ORDER BY created ASC; (5)
2013-12-10T15:28:02.733916+08:00		sql	0.000333	1:(127) SELECT * FROM thread; ()
2013-12-10T15:28:02.908659+08:00		sql	0.000288	1:(127) SELECT * FROM thread; ()
2013-12-10T15:40:15.796617+08:00		sql	0.000237	1:(127) SELECT * FROM thread; ()
2013-12-10T15:55:08.468266+08:00		sql	0.000372	1:(127) SELECT * FROM thread; ()
2013-12-10T15:55:39.483073+08:00		sql	0.000346	1:(127) SELECT * FROM thread; ()
2013-12-10T16:25:48.651835+08:00		sql	0.000377	1:(127) SELECT * FROM thread; ()
2013-12-10T16:25:49.597103+08:00		sql	0.001248	1:(127) SELECT * FROM thread; ()
2013-12-10T16:25:50.727298+08:00		sql	0.000449	1:(127) SELECT * FROM thread; ()
2013-12-10T17:24:02.666418+08:00		sql	0.000339	1:(127) SELECT * FROM thread; ()
2013-12-10T20:40:10.981873+08:00		sql	0.000280	1:(127) SELECT * FROM thread; ()
2013-12-10T20:40:15.941477+08:00		sql	0.000378	1:(127) SELECT * FROM thread WHERE id = ?; (3)
2013-12-10T20:40:15.942055+08:00		sql	0.000319	2:(127) SELECT * FROM comment WHERE thread_id = ? ORDER BY created ASC; (3)
2013-12-10T20:40:31.112230+08:00		sql	0.000294	1:(127) SELECT * FROM thread WHERE id = ?; (1)
2013-12-10T20:40:31.112813+08:00		sql	0.000361	2:(127) SELECT * FROM comment WHERE thread_id = ? ORDER BY created ASC; (1)
2013-12-10T20:46:30.814557+08:00		sql	0.000435	1:(127) SELECT * FROM thread WHERE id = ?; (3)
2013-12-10T20:46:30.815533+08:00		sql	0.000659	2:(127) SELECT * FROM comment WHERE thread_id = ? ORDER BY created ASC; (3)
2013-12-10T20:46:34.706434+08:00		sql	0.000337	1:(127) SELECT * FROM thread WHERE id = ?; (2)
2013-12-10T20:46:34.707172+08:00		sql	0.000443	2:(127) SELECT * FROM comment WHERE thread_id = ? ORDER BY created ASC; (2)
2013-12-10T20:46:37.509149+08:00		sql	0.000293	1:(127) SELECT * FROM thread WHERE id = ?; (1)
2013-12-10T20:46:37.509680+08:00		sql	0.000307	2:(127) SELECT * FROM comment WHERE thread_id = ? ORDER BY created ASC; (1)
2013-12-10T20:46:40.458001+08:00		sql	0.001447	1:(127) SELECT * FROM thread WHERE id = ?; (5)
2013-12-10T20:46:40.458704+08:00		sql	0.000444	2:(127) SELECT * FROM comment WHERE thread_id = ? ORDER BY created ASC; (5)
2013-12-11T18:17:48.693703+08:00		sql	0.011695	1:(127) SELECT * FROM thread; ()
2013-12-11T18:18:30.965611+08:00		sql	0.000461	1:(127) SELECT * FROM thread; ()
2013-12-11T18:18:31.775689+08:00		sql	0.000422	1:(127) SELECT * FROM thread; ()
2013-12-11T18:18:38.478421+08:00		sql	0.000443	1:(127) SELECT * FROM thread; ()
2013-12-11T18:21:39.829993+08:00		sql	0.000538	1:(127) SELECT * FROM thread; ()
2013-12-11T18:21:41.258622+08:00		sql	0.000258	1:(127) SELECT * FROM thread; ()
2013-12-11T18:21:51.250246+08:00		sql	0.000353	1:(127) SELECT * FROM thread; ()
2013-12-11T18:22:09.092425+08:00		sql	0.000327	1:(127) SELECT * FROM thread; ()
2013-12-11T18:22:09.989922+08:00		sql	0.000393	1:(127) SELECT * FROM thread; ()
2013-12-11T18:23:56.711111+08:00		sql	0.000553	1:(127) SELECT * FROM thread; ()
2013-12-11T18:23:57.391126+08:00		sql	0.000472	1:(127) SELECT * FROM thread; ()
2013-12-11T18:23:57.933421+08:00		sql	0.000412	1:(127) SELECT * FROM thread; ()
2013-12-11T18:24:46.840089+08:00		sql	0.000486	1:(127) SELECT * FROM thread; ()
2013-12-11T18:25:11.697354+08:00		sql	0.000356	1:(127) SELECT * FROM thread; ()
2013-12-11T18:25:35.551589+08:00		sql	0.000268	1:(127) SELECT * FROM thread; ()
2013-12-11T18:26:53.797255+08:00		sql	0.000322	1:(127) SELECT * FROM thread; ()
2013-12-11T18:27:22.764199+08:00		sql	0.000372	1:(127) SELECT * FROM thread; ()
2013-12-11T18:34:55.507226+08:00		sql	0.000386	1:(127) SELECT * FROM thread; ()
2013-12-11T18:36:40.681514+08:00		sql	0.000527	1:(127) SELECT * FROM thread; ()
2013-12-11T18:37:32.604845+08:00		sql	0.000337	1:(127) SELECT * FROM thread; ()
2013-12-11T18:37:33.354303+08:00		sql	0.001584	1:(127) SELECT * FROM thread; ()
2013-12-11T18:39:49.115099+08:00		sql	0.000444	1:(127) SELECT * FROM thread; ()
2013-12-11T18:39:49.880248+08:00		sql	0.000729	1:(127) SELECT * FROM thread; ()
2013-12-11T18:39:50.374480+08:00		sql	0.000309	1:(127) SELECT * FROM thread; ()
2013-12-11T18:40:47.211151+08:00		sql	0.000347	1:(127) SELECT * FROM thread; ()
2013-12-11T18:45:17.826445+08:00		sql	0.000335	1:(127) SELECT * FROM thread; ()
2013-12-11T18:46:00.375666+08:00		sql	0.000281	1:(127) SELECT * FROM thread; ()
2013-12-11T18:46:01.895975+08:00		sql	0.000541	1:(127) SELECT * FROM thread; ()
2013-12-11T18:46:11.002719+08:00		sql	0.000263	1:(127) SELECT * FROM thread; ()
2013-12-11T18:47:03.439405+08:00		sql	0.000434	1:(127) SELECT * FROM thread; ()
2013-12-11T18:47:05.082390+08:00		sql	0.000437	1:(127) SELECT * FROM thread; ()
2013-12-11T18:48:58.331994+08:00		sql	0.000297	1:(127) SELECT * FROM thread; ()
2013-12-11T18:56:38.349145+08:00		sql	0.000322	1:(127) SELECT * FROM thread; ()
2013-12-11T18:57:23.701445+08:00		sql	0.000291	1:(127) SELECT * FROM thread; ()
2013-12-11T18:57:56.866520+08:00		sql	0.000317	1:(127) SELECT * FROM thread; ()
2013-12-11T18:57:59.297739+08:00		sql	0.000260	1:(127) SELECT * FROM thread; ()
2013-12-11T18:58:12.223988+08:00		sql	0.000336	1:(127) SELECT * FROM thread; ()
2013-12-11T18:58:31.164895+08:00		sql	0.000276	1:(127) SELECT * FROM thread; ()
2013-12-11T18:58:48.227161+08:00		sql	0.000222	1:(127) SELECT * FROM thread; ()
2013-12-11T18:58:51.663723+08:00		sql	0.000241	1:(127) SELECT * FROM thread; ()
2013-12-11T19:02:59.431640+08:00		sql	0.000325	1:(127) SELECT * FROM thread; ()
2013-12-11T19:04:46.653013+08:00		sql	0.000323	1:(127) SELECT * FROM thread; ()
2013-12-11T19:04:48.738029+08:00		sql	0.000343	1:(127) SELECT * FROM thread; ()
2013-12-11T19:05:20.823381+08:00		sql	0.000362	1:(127) SELECT * FROM thread; ()
2013-12-11T19:05:34.851335+08:00		sql	0.000360	1:(127) SELECT * FROM thread; ()
2013-12-11T19:09:11.625461+08:00		sql	0.000387	1:(127) SELECT * FROM thread; ()
2013-12-11T19:09:38.006573+08:00		sql	0.000330	1:(127) SELECT * FROM thread; ()
2013-12-11T19:12:53.961370+08:00		sql	0.000249	1:(127) SELECT * FROM thread; ()
2013-12-11T19:13:03.886486+08:00		sql	0.000313	1:(127) SELECT * FROM thread; ()
2013-12-11T19:13:04.892469+08:00		sql	0.000231	1:(127) SELECT * FROM thread; ()
2013-12-11T19:13:05.687808+08:00		sql	0.000253	1:(127) SELECT * FROM thread; ()
2013-12-11T19:13:07.766387+08:00		sql	0.000340	1:(127) SELECT * FROM thread; ()
2013-12-11T19:14:28.016502+08:00		sql	0.000511	1:(127) SELECT * FROM thread; ()
2013-12-11T19:14:49.606820+08:00		sql	0.000326	1:(127) SELECT * FROM thread; ()
2013-12-11T20:18:14.504290+08:00		sql	0.000357	1:(127) SELECT * FROM thread; ()
2013-12-11T20:18:47.599739+08:00		sql	0.000301	1:(127) SELECT * FROM thread; ()
2013-12-11T20:21:20.310353+08:00		sql	0.000344	1:(127) SELECT * FROM thread; ()
2013-12-11T20:22:02.650410+08:00		sql	0.000402	1:(127) SELECT * FROM thread; ()
2013-12-11T20:23:35.674870+08:00		sql	0.000255	1:(127) SELECT * FROM thread; ()
2013-12-11T20:25:48.618956+08:00		sql	0.000243	1:(127) SELECT * FROM thread; ()
2013-12-11T20:42:24.318833+08:00		sql	0.000276	1:(127) SELECT * FROM thread; ()
2013-12-11T20:44:57.798302+08:00		sql	0.000345	1:(127) SELECT * FROM thread; ()
2013-12-11T20:46:34.323937+08:00		sql	0.000419	1:(127) SELECT * FROM thread; ()
2013-12-11T20:46:36.330023+08:00		sql	0.000395	1:(127) SELECT * FROM thread; ()
2013-12-11T20:46:56.609319+08:00		sql	0.000352	1:(127) SELECT * FROM thread; ()
2013-12-11T20:47:55.000085+08:00		sql	0.000279	1:(127) SELECT * FROM thread; ()
2013-12-11T20:48:52.526015+08:00		sql	0.000462	1:(127) SELECT * FROM thread; ()
2013-12-11T20:48:56.591786+08:00		sql	0.000235	1:(127) SELECT * FROM thread; ()
2013-12-11T20:50:28.826896+08:00		sql	0.000241	1:(127) SELECT * FROM thread; ()
2013-12-11T20:50:30.829396+08:00		sql	0.000365	1:(127) SELECT * FROM thread; ()
2013-12-11T20:51:01.133274+08:00		sql	0.000329	1:(127) SELECT * FROM thread; ()
2013-12-11T20:52:47.268359+08:00		sql	0.000342	1:(127) SELECT * FROM thread; ()
2013-12-11T20:53:29.083916+08:00		sql	0.000330	1:(127) SELECT * FROM thread; ()
2013-12-11T20:55:11.639293+08:00		sql	0.000343	1:(127) SELECT * FROM thread; ()
2013-12-11T20:58:35.129790+08:00		sql	0.000352	1:(127) SELECT * FROM thread; ()
2013-12-11T21:14:23.075264+08:00		sql	0.000319	1:(127) SELECT * FROM thread; ()
2013-12-11T21:14:24.586159+08:00		sql	0.000345	1:(127) SELECT * FROM thread; ()
2013-12-11T21:14:25.488188+08:00		sql	0.000383	1:(127) SELECT * FROM thread; ()
2013-12-11T21:14:26.297113+08:00		sql	0.000359	1:(127) SELECT * FROM thread; ()
2013-12-11T21:14:27.194153+08:00		sql	0.000291	1:(127) SELECT * FROM thread; ()
2013-12-11T21:14:27.970017+08:00		sql	0.000297	1:(127) SELECT * FROM thread; ()
2013-12-11T21:17:03.548583+08:00		sql	0.000402	1:(127) SELECT * FROM thread; ()
2013-12-11T21:17:04.303356+08:00		sql	0.000351	1:(127) SELECT * FROM thread; ()
2013-12-11T21:17:05.273472+08:00		sql	0.000279	1:(127) SELECT * FROM thread; ()
2013-12-11T21:17:06.153056+08:00		sql	0.000292	1:(127) SELECT * FROM thread; ()
2013-12-11T21:21:36.070876+08:00		sql	0.000355	1:(127) SELECT * FROM thread; ()
2013-12-11T21:21:36.990700+08:00		sql	0.008581	1:(127) SELECT * FROM thread WHERE id =?; (3)
2013-12-11T21:21:39.444283+08:00		sql	0.000557	1:(127) SELECT * FROM thread WHERE id =?; (3)
2013-12-11T21:22:42.099039+08:00		sql	0.000373	1:(127) SELECT * FROM thread WHERE id =?; (3)
2013-12-11T21:23:24.458150+08:00		sql	0.000295	1:(127) SELECT * FROM thread WHERE id =?; (3)
2013-12-11T21:23:59.796512+08:00		sql	0.000412	1:(127) SELECT * FROM thread WHERE id =?; (3)
2013-12-11T21:27:17.244425+08:00		sql	0.000427	1:(127) SELECT * FROM thread WHERE id =?; (3)
2013-12-11T21:27:53.226002+08:00		sql	0.000449	1:(127) SELECT * FROM thread WHERE id =?; (3)
2013-12-11T21:28:10.519900+08:00		sql	0.000306	1:(127) SELECT * FROM thread WHERE id =?; (3)
2013-12-11T21:29:19.641772+08:00		sql	0.000347	1:(127) SELECT * FROM thread WHERE id =?; (3)
2013-12-11T21:29:23.073840+08:00		sql	0.000355	1:(127) SELECT * FROM thread WHERE id =?; (4)
2013-12-11T21:31:14.767541+08:00		sql	0.000386	1:(127) SELECT * FROM thread WHERE id =?; (4)
2013-12-11T21:31:17.102369+08:00		sql	0.000335	1:(127) SELECT * FROM thread WHERE id =?; (4)
2013-12-11T21:31:20.071662+08:00		sql	0.000359	1:(127) SELECT * FROM thread WHERE id =?; (5)
2013-12-11T21:33:38.564659+08:00		sql	0.000274	1:(127) SELECT * FROM thread WHERE id =?; (4)
2013-12-11T21:36:08.059354+08:00		sql	0.000337	1:(127) SELECT * FROM thread WHERE id =?; (5)
2013-12-11T21:36:11.026074+08:00		sql	0.000344	1:(127) SELECT * FROM thread WHERE id =?; (1)
2013-12-11T21:36:13.756864+08:00		sql	0.000336	1:(127) SELECT * FROM thread WHERE id =?; (3)
2013-12-11T21:36:45.637590+08:00		sql	0.000349	1:(127) SELECT * FROM thread WHERE id =?; (1)
2013-12-11T21:36:50.258073+08:00		sql	0.000284	1:(127) SELECT * FROM thread WHERE id =?; (4)
2013-12-11T21:37:06.244391+08:00		sql	0.000289	1:(127) SELECT * FROM thread WHERE id =?; (1)
2013-12-11T21:37:29.736907+08:00		sql	0.000326	1:(127) SELECT * FROM thread WHERE id =?; (4)
2013-12-11T21:37:35.862646+08:00		sql	0.000290	1:(127) SELECT * FROM thread WHERE id =?; (5)
2013-12-11T21:38:05.753465+08:00		sql	0.000362	1:(127) SELECT * FROM thread WHERE id =?; (5)
2013-12-11T21:38:32.948261+08:00		sql	0.000433	1:(127) SELECT * FROM thread WHERE id = ? ; (2)
2013-12-11T21:38:56.569167+08:00		sql	0.000312	1:(127) SELECT * FROM thread WHERE id = ? ; (5)
2013-12-11T21:40:58.425871+08:00		sql	0.000501	1:(127) SELECT * FROM thread WHERE id = ? ; (5)
2013-12-11T21:41:01.157290+08:00		sql	0.000256	1:(127) SELECT * FROM thread WHERE id = ? ; (3)
2013-12-11T21:41:51.971377+08:00		sql	0.000348	1:(127) SELECT * FROM thread WHERE id = ? ; (4)
2013-12-11T21:42:35.842564+08:00		sql	0.000274	1:(127) SELECT * FROM thread WHERE id = ? ; (5)
2013-12-11T21:42:35.854865+08:00		sql	0.011993	2:(127) SELECT * FROM comment WHERE thread_id = ? ORDER BY created ASC; (5)
2013-12-11T21:43:02.674989+08:00		sql	0.000333	1:(127) SELECT * FROM thread WHERE id = ? ; (3)
2013-12-11T21:43:02.675562+08:00		sql	0.000313	2:(127) SELECT * FROM comment WHERE thread_id = ? ORDER BY created ASC; (3)
2013-12-11T21:43:05.475677+08:00		sql	0.000297	1:(127) SELECT * FROM thread WHERE id = ? ; (2)
2013-12-11T21:43:05.476460+08:00		sql	0.000408	2:(127) SELECT * FROM comment WHERE thread_id = ? ORDER BY created ASC; (2)
2013-12-11T21:43:07.934621+08:00		sql	0.000376	1:(127) SELECT * FROM thread WHERE id = ? ; (1)
2013-12-11T21:43:07.935317+08:00		sql	0.000289	2:(127) SELECT * FROM comment WHERE thread_id = ? ORDER BY created ASC; (1)
2013-12-11T21:43:10.259249+08:00		sql	0.000391	1:(127) SELECT * FROM thread WHERE id = ? ; (1)
2013-12-11T21:43:10.259927+08:00		sql	0.000355	2:(127) SELECT * FROM comment WHERE thread_id = ? ORDER BY created ASC; (1)
2013-12-11T21:43:12.620299+08:00		sql	0.000333	1:(127) SELECT * FROM thread WHERE id = ? ; (2)
2013-12-11T21:43:12.620941+08:00		sql	0.000368	2:(127) SELECT * FROM comment WHERE thread_id = ? ORDER BY created ASC; (2)
2013-12-11T21:43:38.783474+08:00		sql	0.000387	1:(127) SELECT * FROM thread WHERE id = ? ; (2)
2013-12-11T21:43:38.784097+08:00		sql	0.000314	2:(127) SELECT * FROM comment WHERE thread_id = ? ORDER BY created ASC; (2)
2013-12-11T21:44:27.249016+08:00		sql	0.000327	1:(127) SELECT * FROM thread WHERE id = ? ; (4)
2013-12-11T21:44:27.249775+08:00		sql	0.000418	2:(127) SELECT * FROM comment WHERE thread_id = ? ORDER BY created ASC; (4)
2013-12-11T21:44:56.802030+08:00		sql	0.000385	1:(127) SELECT * FROM thread WHERE id = ? ; (4)
2013-12-11T21:44:56.802811+08:00		sql	0.000476	2:(127) SELECT * FROM comment WHERE thread_id = ? ORDER BY created ASC; (4)
2013-12-11T21:44:59.306760+08:00		sql	0.000323	1:(127) SELECT * FROM thread WHERE id = ? ; (5)
2013-12-11T21:44:59.307314+08:00		sql	0.000284	2:(127) SELECT * FROM comment WHERE thread_id = ? ORDER BY created ASC; (5)
2013-12-11T21:46:56.304354+08:00		sql	0.000411	1:(127) SELECT * FROM thread WHERE id = ? ; (3)
2013-12-11T21:46:56.305346+08:00		sql	0.000522	2:(127) SELECT * FROM comment WHERE thread_id = ? ORDER BY created ASC; (3)
2013-12-11T21:47:45.977098+08:00		sql	0.000368	1:(127) SELECT * FROM thread WHERE id = ? ; (3)
2013-12-11T21:47:45.977785+08:00		sql	0.000328	2:(127) SELECT * FROM comment WHERE thread_id = ? ORDER BY created ASC; (3)
2013-12-11T21:48:15.921963+08:00		sql	0.000292	1:(127) SELECT * FROM thread WHERE id = ? ; (5)
2013-12-11T21:48:15.922571+08:00		sql	0.000278	2:(127) SELECT * FROM comment WHERE thread_id = ? ORDER BY created ASC; (5)
2013-12-11T21:48:43.721210+08:00		sql	0.000310	1:(127) SELECT * FROM thread WHERE id = ? ; (3)
2013-12-11T21:48:43.721866+08:00		sql	0.000324	2:(127) SELECT * FROM comment WHERE thread_id = ? ORDER BY created ASC; (3)
2013-12-11T21:48:48.820726+08:00		sql	0.000604	1:(127) SELECT * FROM thread WHERE id = ? ; (2)
2013-12-11T21:48:48.821485+08:00		sql	0.000407	2:(127) SELECT * FROM comment WHERE thread_id = ? ORDER BY created ASC; (2)
2013-12-11T21:59:19.431642+08:00		sql	0.000269	1:(127) SELECT * FROM thread WHERE id = ? ; (2)
2013-12-11T21:59:19.432401+08:00		sql	0.000458	2:(127) SELECT * FROM comment WHERE thread_id = ? ORDER BY created ASC; (2)
2013-12-11T21:59:44.858973+08:00		sql	0.000347	1:(127) SELECT * FROM thread WHERE id = ? ; (4)
2013-12-11T21:59:44.859681+08:00		sql	0.000355	2:(127) SELECT * FROM comment WHERE thread_id = ? ORDER BY created ASC; (4)
2013-12-11T21:59:56.209199+08:00		sql	0.000278	1:(127) SELECT * FROM thread WHERE id = ? ; (5)
2013-12-11T21:59:56.210033+08:00		sql	0.000449	2:(127) SELECT * FROM comment WHERE thread_id = ? ORDER BY created ASC; (5)
2013-12-11T22:01:10.892662+08:00		sql	0.000333	1:(127) SELECT * FROM thread WHERE id = ? ; (5)
2013-12-11T22:01:10.893267+08:00		sql	0.000326	2:(127) SELECT * FROM comment WHERE thread_id = ? ORDER BY created ASC; (5)
2013-12-11T22:01:13.585879+08:00		sql	0.000331	1:(127) SELECT * FROM thread WHERE id = ? ; (5)
2013-12-11T22:01:13.586489+08:00		sql	0.000328	2:(127) SELECT * FROM comment WHERE thread_id = ? ORDER BY created ASC; (5)
2013-12-11T22:02:29.823543+08:00		sql	0.000278	1:(127) SELECT * FROM thread WHERE id = ? ; (5)
2013-12-11T22:02:29.824238+08:00		sql	0.000411	2:(127) SELECT * FROM comment WHERE thread_id = ? ORDER BY created ASC; (5)
2013-12-11T22:04:10.291907+08:00		sql	0.000253	1:(127) SELECT * FROM thread WHERE id = ? ; (1)
2013-12-11T22:04:10.292569+08:00		sql	0.000325	2:(127) SELECT * FROM comment WHERE thread_id = ? ORDER BY created ASC; (1)
2013-12-11T22:25:10.442337+08:00		sql	0.000241	1:(127) SELECT * FROM thread WHERE id = ? ; (5)
2013-12-11T22:25:10.443107+08:00		sql	0.000469	2:(127) SELECT * FROM comment WHERE thread_id = ? ORDER BY created ASC; (5)
2013-12-11T22:25:15.173231+08:00		sql	0.000325	1:(127) SELECT * FROM thread WHERE id = ? ; (5)
2013-12-11T22:25:15.175142+08:00		sql	0.001325	2:(127) INSERT INTO comment SET thread_id = ?, username = ?, body = ?, created=NOW(); (5, aaaaa, ccccc)
2013-12-11T22:30:08.536540+08:00		sql	0.000301	1:(127) SELECT * FROM thread; ()
2013-12-11T22:30:11.927233+08:00		sql	0.000317	1:(127) SELECT * FROM thread WHERE id = ? ; (4)
2013-12-11T22:30:11.927971+08:00		sql	0.000373	2:(127) SELECT * FROM comment WHERE thread_id = ? ORDER BY created ASC; (4)
2013-12-11T22:30:16.340402+08:00		sql	0.000377	1:(127) SELECT * FROM thread WHERE id = ? ; (4)
2013-12-11T22:30:16.341464+08:00		sql	0.000531	2:(127) INSERT INTO comment SET thread_id = ?, username = ?, body = ?, created=NOW(); (4, aaaaa, ccccc)
2013-12-11T22:30:31.152897+08:00		sql	0.000340	1:(127) SELECT * FROM thread WHERE id = ? ; (4)
2013-12-11T22:30:31.153592+08:00		sql	0.000410	2:(127) SELECT * FROM comment WHERE thread_id = ? ORDER BY created ASC; (4)
2013-12-11T22:30:52.984531+08:00		sql	0.000356	1:(127) SELECT * FROM thread WHERE id = ? ; (4)
2013-12-11T22:30:52.985619+08:00		sql	0.000574	2:(127) INSERT INTO comment SET thread_id = ?, username = ?, body = ?, created=NOW(); (4, bbbbb, ddddd)
2013-12-11T22:37:16.933628+08:00		sql	0.000283	1:(127) SELECT * FROM thread; ()
2013-12-11T22:37:18.849205+08:00		sql	0.000250	1:(127) SELECT * FROM thread WHERE id = ? ; (5)
2013-12-11T22:37:18.849716+08:00		sql	0.000264	2:(127) SELECT * FROM comment WHERE thread_id = ? ORDER BY created ASC; (5)
2013-12-11T22:37:25.825283+08:00		sql	0.000359	1:(127) SELECT * FROM thread WHERE id = ? ; (4)
2013-12-11T22:37:25.833723+08:00		sql	0.008046	2:(127) SELECT * FROM comment WHERE thread_id = ? ORDER BY created ASC; (4)
2013-12-11T22:37:28.933377+08:00		sql	0.000354	1:(127) SELECT * FROM thread WHERE id = ? ; (3)
2013-12-11T22:37:28.933993+08:00		sql	0.000296	2:(127) SELECT * FROM comment WHERE thread_id = ? ORDER BY created ASC; (3)
2013-12-11T22:38:02.452634+08:00		sql	0.000282	1:(127) SELECT * FROM thread WHERE id = ? ; (3)
2013-12-11T22:38:02.453630+08:00		sql	0.000521	2:(127) INSERT INTO comment SET thread_id = ?, username = ?, body = ?, created=NOW(); (3, name2201, com2201)
2013-12-11T22:38:16.016099+08:00		sql	0.000478	1:(127) SELECT * FROM thread WHERE id = ? ; (3)
2013-12-11T22:38:16.016923+08:00		sql	0.000469	2:(127) SELECT * FROM comment WHERE thread_id = ? ORDER BY created ASC; (3)
2013-12-11T22:38:21.471197+08:00		sql	0.000328	1:(127) SELECT * FROM thread WHERE id = ? ; (1)
2013-12-11T22:38:21.471990+08:00		sql	0.000411	2:(127) SELECT * FROM comment WHERE thread_id = ? ORDER BY created ASC; (1)
2013-12-11T22:38:25.196989+08:00		sql	0.000308	1:(127) SELECT * FROM thread WHERE id = ? ; (2)
2013-12-11T22:38:25.197730+08:00		sql	0.000330	2:(127) SELECT * FROM comment WHERE thread_id = ? ORDER BY created ASC; (2)
2013-12-11T22:38:28.059971+08:00		sql	0.000258	1:(127) SELECT * FROM thread WHERE id = ? ; (1)
2013-12-11T22:38:28.060562+08:00		sql	0.000337	2:(127) SELECT * FROM comment WHERE thread_id = ? ORDER BY created ASC; (1)
2013-12-11T22:38:30.073954+08:00		sql	0.000388	1:(127) SELECT * FROM thread WHERE id = ? ; (2)
2013-12-11T22:38:30.074789+08:00		sql	0.000482	2:(127) SELECT * FROM comment WHERE thread_id = ? ORDER BY created ASC; (2)
2013-12-11T22:38:32.268655+08:00		sql	0.000443	1:(127) SELECT * FROM thread WHERE id = ? ; (3)
2013-12-11T22:38:32.269466+08:00		sql	0.000427	2:(127) SELECT * FROM comment WHERE thread_id = ? ORDER BY created ASC; (3)
2013-12-11T22:38:34.499906+08:00		sql	0.000329	1:(127) SELECT * FROM thread WHERE id = ? ; (4)
2013-12-11T22:38:34.500504+08:00		sql	0.000349	2:(127) SELECT * FROM comment WHERE thread_id = ? ORDER BY created ASC; (4)
2013-12-11T22:38:38.125013+08:00		sql	0.000301	1:(127) SELECT * FROM thread WHERE id = ? ; (5)
2013-12-11T22:38:38.125816+08:00		sql	0.000448	2:(127) SELECT * FROM comment WHERE thread_id = ? ORDER BY created ASC; (5)
2013-12-11T22:38:40.869861+08:00		sql	0.000343	1:(127) SELECT * FROM thread WHERE id = ? ; (4)
2013-12-11T22:38:40.870393+08:00		sql	0.000278	2:(127) SELECT * FROM comment WHERE thread_id = ? ORDER BY created ASC; (4)
2013-12-11T22:38:43.566879+08:00		sql	0.000270	1:(127) SELECT * FROM thread WHERE id = ? ; (3)
2013-12-11T22:38:43.567426+08:00		sql	0.000289	2:(127) SELECT * FROM comment WHERE thread_id = ? ORDER BY created ASC; (3)
2013-12-11T22:38:55.503378+08:00		sql	0.000322	1:(127) SELECT * FROM thread; ()
2013-12-11T23:17:08.076409+08:00		sql	0.000451	1:(127) SELECT * FROM thread; ()
