[11-Dec-2013 17:40:06 Asia/Manila] PHP Fatal error:  Uncaught exception 'DCException' with message 'action does not exist' in /Users/yu-m/Sites/board/dietcake/core/controller.php:36
Stack trace:
#0 /Users/yu-m/Sites/board/dietcake/core/dispatcher.php(12): Controller->dispatchAction()
#1 /Users/yu-m/Sites/board/app/webroot/index.php(8): Dispatcher::invoke()
#2 {main}
  thrown in /Users/yu-m/Sites/board/dietcake/core/controller.php on line 36
[11-Dec-2013 17:43:17 Asia/Manila] PHP Fatal error:  Uncaught exception 'DCException' with message 'action does not exist' in /Users/yu-m/Sites/board/dietcake/core/controller.php:36
Stack trace:
#0 /Users/yu-m/Sites/board/dietcake/core/dispatcher.php(12): Controller->dispatchAction()
#1 /Users/yu-m/Sites/board/app/webroot/index.php(10): Dispatcher::invoke()
#2 {main}
  thrown in /Users/yu-m/Sites/board/dietcake/core/controller.php on line 36
[11-Dec-2013 17:43:41 Asia/Manila] PHP Fatal error:  Uncaught exception 'DCException' with message 'action does not exist' in /Users/yu-m/Sites/board/dietcake/core/controller.php:36
Stack trace:
#0 /Users/yu-m/Sites/board/dietcake/core/dispatcher.php(12): Controller->dispatchAction()
#1 /Users/yu-m/Sites/board/app/webroot/index.php(10): Dispatcher::invoke()
#2 {main}
  thrown in /Users/yu-m/Sites/board/dietcake/core/controller.php on line 36
[11-Dec-2013 17:44:15 Asia/Manila] PHP Fatal error:  Uncaught exception 'DCException' with message 'action does not exist' in /Users/yu-m/Sites/board/dietcake/core/controller.php:36
Stack trace:
#0 /Users/yu-m/Sites/board/dietcake/core/dispatcher.php(12): Controller->dispatchAction()
#1 /Users/yu-m/Sites/board/app/webroot/index.php(10): Dispatcher::invoke()
#2 {main}
  thrown in /Users/yu-m/Sites/board/dietcake/core/controller.php on line 36
[11-Dec-2013 17:44:16 Asia/Manila] PHP Fatal error:  Uncaught exception 'DCException' with message 'action does not exist' in /Users/yu-m/Sites/board/dietcake/core/controller.php:36
Stack trace:
#0 /Users/yu-m/Sites/board/dietcake/core/dispatcher.php(12): Controller->dispatchAction()
#1 /Users/yu-m/Sites/board/app/webroot/index.php(10): Dispatcher::invoke()
#2 {main}
  thrown in /Users/yu-m/Sites/board/dietcake/core/controller.php on line 36
[11-Dec-2013 17:46:06 Asia/Manila] PHP Fatal error:  Uncaught exception 'DCException' with message 'action does not exist' in /Users/yu-m/Sites/board/dietcake/core/controller.php:36
Stack trace:
#0 /Users/yu-m/Sites/board/dietcake/core/dispatcher.php(12): Controller->dispatchAction()
#1 /Users/yu-m/Sites/board/app/webroot/index.php(11): Dispatcher::invoke()
#2 {main}
  thrown in /Users/yu-m/Sites/board/dietcake/core/controller.php on line 36
[11-Dec-2013 17:47:01 Asia/Manila] PHP Fatal error:  Uncaught exception 'DCException' with message 'action does not exist' in /Users/yu-m/Sites/board/dietcake/core/controller.php:36
Stack trace:
#0 /Users/yu-m/Sites/board/dietcake/core/dispatcher.php(12): Controller->dispatchAction()
#1 /Users/yu-m/Sites/board/app/webroot/index.php(11): Dispatcher::invoke()
#2 {main}
  thrown in /Users/yu-m/Sites/board/dietcake/core/controller.php on line 36
[11-Dec-2013 17:47:02 Asia/Manila] PHP Fatal error:  Uncaught exception 'DCException' with message 'action does not exist' in /Users/yu-m/Sites/board/dietcake/core/controller.php:36
Stack trace:
#0 /Users/yu-m/Sites/board/dietcake/core/dispatcher.php(12): Controller->dispatchAction()
#1 /Users/yu-m/Sites/board/app/webroot/index.php(11): Dispatcher::invoke()
#2 {main}
  thrown in /Users/yu-m/Sites/board/dietcake/core/controller.php on line 36
[11-Dec-2013 17:47:02 Asia/Manila] PHP Fatal error:  Uncaught exception 'DCException' with message 'action does not exist' in /Users/yu-m/Sites/board/dietcake/core/controller.php:36
Stack trace:
#0 /Users/yu-m/Sites/board/dietcake/core/dispatcher.php(12): Controller->dispatchAction()
#1 /Users/yu-m/Sites/board/app/webroot/index.php(11): Dispatcher::invoke()
#2 {main}
  thrown in /Users/yu-m/Sites/board/dietcake/core/controller.php on line 36
[11-Dec-2013 17:47:04 Asia/Manila] PHP Fatal error:  Uncaught exception 'DCException' with message 'action does not exist' in /Users/yu-m/Sites/board/dietcake/core/controller.php:36
Stack trace:
#0 /Users/yu-m/Sites/board/dietcake/core/dispatcher.php(12): Controller->dispatchAction()
#1 /Users/yu-m/Sites/board/app/webroot/index.php(11): Dispatcher::invoke()
#2 {main}
  thrown in /Users/yu-m/Sites/board/dietcake/core/controller.php on line 36
[11-Dec-2013 17:47:35 Asia/Manila] PHP Fatal error:  Uncaught exception 'DCException' with message 'action does not exist' in /Users/yu-m/Sites/board/dietcake/core/controller.php:36
Stack trace:
#0 /Users/yu-m/Sites/board/dietcake/core/dispatcher.php(12): Controller->dispatchAction()
#1 /Users/yu-m/Sites/board/app/webroot/index.php(11): Dispatcher::invoke()
#2 {main}
  thrown in /Users/yu-m/Sites/board/dietcake/core/controller.php on line 36
[11-Dec-2013 17:48:29 Asia/Manila] PHP Fatal error:  Uncaught exception 'DCException' with message 'action does not exist' in /Users/yu-m/Sites/board/dietcake/core/controller.php:36
Stack trace:
#0 /Users/yu-m/Sites/board/dietcake/core/dispatcher.php(12): Controller->dispatchAction()
#1 /Users/yu-m/Sites/board/app/webroot/index.php(9): Dispatcher::invoke()
#2 {main}
  thrown in /Users/yu-m/Sites/board/dietcake/core/controller.php on line 36
[11-Dec-2013 17:49:13 Asia/Manila] PHP Parse error:  parse error in /Users/yu-m/Sites/board/app/models/thread.php on line 12
[11-Dec-2013 17:49:13 Asia/Manila] PHP Stack trace:
[11-Dec-2013 17:49:13 Asia/Manila] PHP   1. {main}() /Users/yu-m/Sites/board/app/webroot/index.php:0
[11-Dec-2013 17:49:13 Asia/Manila] PHP   2. Dispatcher::invoke() /Users/yu-m/Sites/board/app/webroot/index.php:7
[11-Dec-2013 17:49:13 Asia/Manila] PHP   3. Controller->dispatchAction() /Users/yu-m/Sites/board/dietcake/core/dispatcher.php:12
[11-Dec-2013 17:49:13 Asia/Manila] PHP   4. ThreadController->index() /Users/yu-m/Sites/board/dietcake/core/controller.php:46
[11-Dec-2013 17:49:13 Asia/Manila] PHP   5. {closure}() /Users/yu-m/Sites/board/dietcake/core/controller.php:0
[11-Dec-2013 17:51:40 Asia/Manila] PHP Fatal error:  Uncaught exception 'DCException' with message 'action does not exist' in /Users/yu-m/Sites/board/dietcake/core/controller.php:36
Stack trace:
#0 /Users/yu-m/Sites/board/dietcake/core/dispatcher.php(12): Controller->dispatchAction()
#1 /Users/yu-m/Sites/board/app/webroot/index.php(7): Dispatcher::invoke()
#2 {main}
  thrown in /Users/yu-m/Sites/board/dietcake/core/controller.php on line 36
[11-Dec-2013 17:53:58 Asia/Manila] PHP Fatal error:  Uncaught exception 'DCException' with message 'action does not exist' in /Users/yu-m/Sites/board/dietcake/core/controller.php:36
Stack trace:
#0 /Users/yu-m/Sites/board/dietcake/core/dispatcher.php(12): Controller->dispatchAction()
#1 /Users/yu-m/Sites/board/app/webroot/index.php(7): Dispatcher::invoke()
#2 {main}
  thrown in /Users/yu-m/Sites/board/dietcake/core/controller.php on line 36
[11-Dec-2013 18:14:05 Asia/Manila] PHP Fatal error:  Uncaught exception 'DCException' with message 'action does not exist' in /Users/yu-m/Sites/board/dietcake/core/controller.php:36
Stack trace:
#0 /Users/yu-m/Sites/board/dietcake/core/dispatcher.php(12): Controller->dispatchAction()
#1 /Users/yu-m/Sites/board/app/webroot/index.php(7): Dispatcher::invoke()
#2 {main}
  thrown in /Users/yu-m/Sites/board/dietcake/core/controller.php on line 36
[11-Dec-2013 18:18:50 Asia/Manila] PHP Fatal error:  Uncaught exception 'DCException' with message 'action does not exist' in /Users/yu-m/Sites/board/dietcake/core/controller.php:36
Stack trace:
#0 /Users/yu-m/Sites/board/dietcake/core/dispatcher.php(12): Controller->dispatchAction()
#1 /Users/yu-m/Sites/board/app/webroot/index.php(7): Dispatcher::invoke()
#2 {main}
  thrown in /Users/yu-m/Sites/board/dietcake/core/controller.php on line 36
[11-Dec-2013 18:21:39 Asia/Manila] PHP Parse error:  parse error in /Users/yu-m/Sites/board/app/views/thread/index.php on line 13
[11-Dec-2013 18:21:39 Asia/Manila] PHP Stack trace:
[11-Dec-2013 18:21:39 Asia/Manila] PHP   1. {main}() /Users/yu-m/Sites/board/app/webroot/index.php:0
[11-Dec-2013 18:21:39 Asia/Manila] PHP   2. Dispatcher::invoke() /Users/yu-m/Sites/board/app/webroot/index.php:7
[11-Dec-2013 18:21:39 Asia/Manila] PHP   3. Controller->dispatchAction() /Users/yu-m/Sites/board/dietcake/core/dispatcher.php:12
[11-Dec-2013 18:21:39 Asia/Manila] PHP   4. Controller->render() /Users/yu-m/Sites/board/dietcake/core/controller.php:48
[11-Dec-2013 18:21:39 Asia/Manila] PHP   5. AppLayoutView->render() /Users/yu-m/Sites/board/dietcake/core/controller.php:83
[11-Dec-2013 18:21:39 Asia/Manila] PHP   6. AppLayoutView::extractAndMerge() /Users/yu-m/Sites/board/app/app_layout_view.php:23
[11-Dec-2013 18:21:41 Asia/Manila] PHP Parse error:  parse error in /Users/yu-m/Sites/board/app/views/thread/index.php on line 13
[11-Dec-2013 18:21:41 Asia/Manila] PHP Stack trace:
[11-Dec-2013 18:21:41 Asia/Manila] PHP   1. {main}() /Users/yu-m/Sites/board/app/webroot/index.php:0
[11-Dec-2013 18:21:41 Asia/Manila] PHP   2. Dispatcher::invoke() /Users/yu-m/Sites/board/app/webroot/index.php:7
[11-Dec-2013 18:21:41 Asia/Manila] PHP   3. Controller->dispatchAction() /Users/yu-m/Sites/board/dietcake/core/dispatcher.php:12
[11-Dec-2013 18:21:41 Asia/Manila] PHP   4. Controller->render() /Users/yu-m/Sites/board/dietcake/core/controller.php:48
[11-Dec-2013 18:21:41 Asia/Manila] PHP   5. AppLayoutView->render() /Users/yu-m/Sites/board/dietcake/core/controller.php:83
[11-Dec-2013 18:21:41 Asia/Manila] PHP   6. AppLayoutView::extractAndMerge() /Users/yu-m/Sites/board/app/app_layout_view.php:23
[11-Dec-2013 18:21:51 Asia/Manila] PHP Parse error:  parse error in /Users/yu-m/Sites/board/app/views/thread/index.php on line 13
[11-Dec-2013 18:21:51 Asia/Manila] PHP Stack trace:
[11-Dec-2013 18:21:51 Asia/Manila] PHP   1. {main}() /Users/yu-m/Sites/board/app/webroot/index.php:0
[11-Dec-2013 18:21:51 Asia/Manila] PHP   2. Dispatcher::invoke() /Users/yu-m/Sites/board/app/webroot/index.php:7
[11-Dec-2013 18:21:51 Asia/Manila] PHP   3. Controller->dispatchAction() /Users/yu-m/Sites/board/dietcake/core/dispatcher.php:12
[11-Dec-2013 18:21:51 Asia/Manila] PHP   4. Controller->render() /Users/yu-m/Sites/board/dietcake/core/controller.php:48
[11-Dec-2013 18:21:51 Asia/Manila] PHP   5. AppLayoutView->render() /Users/yu-m/Sites/board/dietcake/core/controller.php:83
[11-Dec-2013 18:21:51 Asia/Manila] PHP   6. AppLayoutView::extractAndMerge() /Users/yu-m/Sites/board/app/app_layout_view.php:23
[11-Dec-2013 18:22:09 Asia/Manila] PHP Parse error:  parse error in /Users/yu-m/Sites/board/app/views/thread/index.php on line 13
[11-Dec-2013 18:22:09 Asia/Manila] PHP Stack trace:
[11-Dec-2013 18:22:09 Asia/Manila] PHP   1. {main}() /Users/yu-m/Sites/board/app/webroot/index.php:0
[11-Dec-2013 18:22:09 Asia/Manila] PHP   2. Dispatcher::invoke() /Users/yu-m/Sites/board/app/webroot/index.php:7
[11-Dec-2013 18:22:09 Asia/Manila] PHP   3. Controller->dispatchAction() /Users/yu-m/Sites/board/dietcake/core/dispatcher.php:12
[11-Dec-2013 18:22:09 Asia/Manila] PHP   4. Controller->render() /Users/yu-m/Sites/board/dietcake/core/controller.php:48
[11-Dec-2013 18:22:09 Asia/Manila] PHP   5. AppLayoutView->render() /Users/yu-m/Sites/board/dietcake/core/controller.php:83
[11-Dec-2013 18:22:09 Asia/Manila] PHP   6. AppLayoutView::extractAndMerge() /Users/yu-m/Sites/board/app/app_layout_view.php:23
[11-Dec-2013 18:22:09 Asia/Manila] PHP Parse error:  parse error in /Users/yu-m/Sites/board/app/views/thread/index.php on line 13
[11-Dec-2013 18:22:09 Asia/Manila] PHP Stack trace:
[11-Dec-2013 18:22:09 Asia/Manila] PHP   1. {main}() /Users/yu-m/Sites/board/app/webroot/index.php:0
[11-Dec-2013 18:22:09 Asia/Manila] PHP   2. Dispatcher::invoke() /Users/yu-m/Sites/board/app/webroot/index.php:7
[11-Dec-2013 18:22:09 Asia/Manila] PHP   3. Controller->dispatchAction() /Users/yu-m/Sites/board/dietcake/core/dispatcher.php:12
[11-Dec-2013 18:22:09 Asia/Manila] PHP   4. Controller->render() /Users/yu-m/Sites/board/dietcake/core/controller.php:48
[11-Dec-2013 18:22:09 Asia/Manila] PHP   5. AppLayoutView->render() /Users/yu-m/Sites/board/dietcake/core/controller.php:83
[11-Dec-2013 18:22:09 Asia/Manila] PHP   6. AppLayoutView::extractAndMerge() /Users/yu-m/Sites/board/app/app_layout_view.php:23
[11-Dec-2013 18:23:56 Asia/Manila] PHP Parse error:  parse error in /Users/yu-m/Sites/board/app/views/thread/index.php on line 13
[11-Dec-2013 18:23:56 Asia/Manila] PHP Stack trace:
[11-Dec-2013 18:23:56 Asia/Manila] PHP   1. {main}() /Users/yu-m/Sites/board/app/webroot/index.php:0
[11-Dec-2013 18:23:56 Asia/Manila] PHP   2. Dispatcher::invoke() /Users/yu-m/Sites/board/app/webroot/index.php:7
[11-Dec-2013 18:23:56 Asia/Manila] PHP   3. Controller->dispatchAction() /Users/yu-m/Sites/board/dietcake/core/dispatcher.php:12
[11-Dec-2013 18:23:56 Asia/Manila] PHP   4. Controller->render() /Users/yu-m/Sites/board/dietcake/core/controller.php:48
[11-Dec-2013 18:23:56 Asia/Manila] PHP   5. AppLayoutView->render() /Users/yu-m/Sites/board/dietcake/core/controller.php:83
[11-Dec-2013 18:23:56 Asia/Manila] PHP   6. AppLayoutView::extractAndMerge() /Users/yu-m/Sites/board/app/app_layout_view.php:23
[11-Dec-2013 18:23:57 Asia/Manila] PHP Parse error:  parse error in /Users/yu-m/Sites/board/app/views/thread/index.php on line 13
[11-Dec-2013 18:23:57 Asia/Manila] PHP Stack trace:
[11-Dec-2013 18:23:57 Asia/Manila] PHP   1. {main}() /Users/yu-m/Sites/board/app/webroot/index.php:0
[11-Dec-2013 18:23:57 Asia/Manila] PHP   2. Dispatcher::invoke() /Users/yu-m/Sites/board/app/webroot/index.php:7
[11-Dec-2013 18:23:57 Asia/Manila] PHP   3. Controller->dispatchAction() /Users/yu-m/Sites/board/dietcake/core/dispatcher.php:12
[11-Dec-2013 18:23:57 Asia/Manila] PHP   4. Controller->render() /Users/yu-m/Sites/board/dietcake/core/controller.php:48
[11-Dec-2013 18:23:57 Asia/Manila] PHP   5. AppLayoutView->render() /Users/yu-m/Sites/board/dietcake/core/controller.php:83
[11-Dec-2013 18:23:57 Asia/Manila] PHP   6. AppLayoutView::extractAndMerge() /Users/yu-m/Sites/board/app/app_layout_view.php:23
[11-Dec-2013 18:23:57 Asia/Manila] PHP Parse error:  parse error in /Users/yu-m/Sites/board/app/views/thread/index.php on line 13
[11-Dec-2013 18:23:57 Asia/Manila] PHP Stack trace:
[11-Dec-2013 18:23:57 Asia/Manila] PHP   1. {main}() /Users/yu-m/Sites/board/app/webroot/index.php:0
[11-Dec-2013 18:23:57 Asia/Manila] PHP   2. Dispatcher::invoke() /Users/yu-m/Sites/board/app/webroot/index.php:7
[11-Dec-2013 18:23:57 Asia/Manila] PHP   3. Controller->dispatchAction() /Users/yu-m/Sites/board/dietcake/core/dispatcher.php:12
[11-Dec-2013 18:23:57 Asia/Manila] PHP   4. Controller->render() /Users/yu-m/Sites/board/dietcake/core/controller.php:48
[11-Dec-2013 18:23:57 Asia/Manila] PHP   5. AppLayoutView->render() /Users/yu-m/Sites/board/dietcake/core/controller.php:83
[11-Dec-2013 18:23:57 Asia/Manila] PHP   6. AppLayoutView::extractAndMerge() /Users/yu-m/Sites/board/app/app_layout_view.php:23
[11-Dec-2013 18:24:46 Asia/Manila] PHP Parse error:  parse error in /Users/yu-m/Sites/board/app/views/thread/index.php on line 13
[11-Dec-2013 18:24:46 Asia/Manila] PHP Stack trace:
[11-Dec-2013 18:24:46 Asia/Manila] PHP   1. {main}() /Users/yu-m/Sites/board/app/webroot/index.php:0
[11-Dec-2013 18:24:46 Asia/Manila] PHP   2. Dispatcher::invoke() /Users/yu-m/Sites/board/app/webroot/index.php:7
[11-Dec-2013 18:24:46 Asia/Manila] PHP   3. Controller->dispatchAction() /Users/yu-m/Sites/board/dietcake/core/dispatcher.php:12
[11-Dec-2013 18:24:46 Asia/Manila] PHP   4. Controller->render() /Users/yu-m/Sites/board/dietcake/core/controller.php:48
[11-Dec-2013 18:24:46 Asia/Manila] PHP   5. AppLayoutView->render() /Users/yu-m/Sites/board/dietcake/core/controller.php:83
[11-Dec-2013 18:24:46 Asia/Manila] PHP   6. AppLayoutView::extractAndMerge() /Users/yu-m/Sites/board/app/app_layout_view.php:23
[11-Dec-2013 18:25:11 Asia/Manila] PHP Parse error:  parse error in /Users/yu-m/Sites/board/app/views/thread/index.php on line 13
[11-Dec-2013 18:25:11 Asia/Manila] PHP Stack trace:
[11-Dec-2013 18:25:11 Asia/Manila] PHP   1. {main}() /Users/yu-m/Sites/board/app/webroot/index.php:0
[11-Dec-2013 18:25:11 Asia/Manila] PHP   2. Dispatcher::invoke() /Users/yu-m/Sites/board/app/webroot/index.php:7
[11-Dec-2013 18:25:11 Asia/Manila] PHP   3. Controller->dispatchAction() /Users/yu-m/Sites/board/dietcake/core/dispatcher.php:12
[11-Dec-2013 18:25:11 Asia/Manila] PHP   4. Controller->render() /Users/yu-m/Sites/board/dietcake/core/controller.php:48
[11-Dec-2013 18:25:11 Asia/Manila] PHP   5. AppLayoutView->render() /Users/yu-m/Sites/board/dietcake/core/controller.php:83
[11-Dec-2013 18:25:11 Asia/Manila] PHP   6. AppLayoutView::extractAndMerge() /Users/yu-m/Sites/board/app/app_layout_view.php:23
[11-Dec-2013 18:25:35 Asia/Manila] PHP Parse error:  parse error in /Users/yu-m/Sites/board/app/views/thread/index.php on line 13
[11-Dec-2013 18:25:35 Asia/Manila] PHP Stack trace:
[11-Dec-2013 18:25:35 Asia/Manila] PHP   1. {main}() /Users/yu-m/Sites/board/app/webroot/index.php:0
[11-Dec-2013 18:25:35 Asia/Manila] PHP   2. Dispatcher::invoke() /Users/yu-m/Sites/board/app/webroot/index.php:7
[11-Dec-2013 18:25:35 Asia/Manila] PHP   3. Controller->dispatchAction() /Users/yu-m/Sites/board/dietcake/core/dispatcher.php:12
[11-Dec-2013 18:25:35 Asia/Manila] PHP   4. Controller->render() /Users/yu-m/Sites/board/dietcake/core/controller.php:48
[11-Dec-2013 18:25:35 Asia/Manila] PHP   5. AppLayoutView->render() /Users/yu-m/Sites/board/dietcake/core/controller.php:83
[11-Dec-2013 18:25:35 Asia/Manila] PHP   6. AppLayoutView::extractAndMerge() /Users/yu-m/Sites/board/app/app_layout_view.php:23
[11-Dec-2013 19:09:11 Asia/Manila] PHP Fatal error:  Uncaught exception 'DCException' with message '/Users/yu-m/Sites/board/app/views/.php is not found' in /Users/yu-m/Sites/board/app/app_layout_view.php:35
Stack trace:
#0 /Users/yu-m/Sites/board/app/app_layout_view.php(29): AppLayoutView::extractAndMerge('/Users/yu-m/Sit...', Array)
#1 /Users/yu-m/Sites/board/dietcake/core/controller.php(83): AppLayoutView->render(NULL)
#2 /Users/yu-m/Sites/board/dietcake/core/controller.php(48): Controller->render()
#3 /Users/yu-m/Sites/board/dietcake/core/dispatcher.php(12): Controller->dispatchAction()
#4 /Users/yu-m/Sites/board/app/webroot/index.php(7): Dispatcher::invoke()
#5 {main}
  thrown in /Users/yu-m/Sites/board/app/app_layout_view.php on line 35
[11-Dec-2013 20:18:14 Asia/Manila] PHP Notice:  Undefined variable: rows in /Users/yu-m/Sites/board/app/models/thread.php on line 9
[11-Dec-2013 20:18:14 Asia/Manila] PHP Stack trace:
[11-Dec-2013 20:18:14 Asia/Manila] PHP   1. {main}() /Users/yu-m/Sites/board/app/webroot/index.php:0
[11-Dec-2013 20:18:14 Asia/Manila] PHP   2. Dispatcher::invoke() /Users/yu-m/Sites/board/app/webroot/index.php:7
[11-Dec-2013 20:18:14 Asia/Manila] PHP   3. Controller->dispatchAction() /Users/yu-m/Sites/board/dietcake/core/dispatcher.php:12
[11-Dec-2013 20:18:14 Asia/Manila] PHP   4. ThreadController->index() /Users/yu-m/Sites/board/dietcake/core/controller.php:46
[11-Dec-2013 20:18:14 Asia/Manila] PHP   5. Thread::getAll() /Users/yu-m/Sites/board/app/controllers/thread_controller.php:6
[11-Dec-2013 20:18:14 Asia/Manila] PHP Warning:  Invalid argument supplied for foreach() in /Users/yu-m/Sites/board/app/models/thread.php on line 9
[11-Dec-2013 20:18:14 Asia/Manila] PHP Stack trace:
[11-Dec-2013 20:18:14 Asia/Manila] PHP   1. {main}() /Users/yu-m/Sites/board/app/webroot/index.php:0
[11-Dec-2013 20:18:14 Asia/Manila] PHP   2. Dispatcher::invoke() /Users/yu-m/Sites/board/app/webroot/index.php:7
[11-Dec-2013 20:18:14 Asia/Manila] PHP   3. Controller->dispatchAction() /Users/yu-m/Sites/board/dietcake/core/dispatcher.php:12
[11-Dec-2013 20:18:14 Asia/Manila] PHP   4. ThreadController->index() /Users/yu-m/Sites/board/dietcake/core/controller.php:46
[11-Dec-2013 20:18:14 Asia/Manila] PHP   5. Thread::getAll() /Users/yu-m/Sites/board/app/controllers/thread_controller.php:6
[11-Dec-2013 20:18:47 Asia/Manila] PHP Notice:  Undefined variable: rows in /Users/yu-m/Sites/board/app/models/thread.php on line 9
[11-Dec-2013 20:18:47 Asia/Manila] PHP Stack trace:
[11-Dec-2013 20:18:47 Asia/Manila] PHP   1. {main}() /Users/yu-m/Sites/board/app/webroot/index.php:0
[11-Dec-2013 20:18:47 Asia/Manila] PHP   2. Dispatcher::invoke() /Users/yu-m/Sites/board/app/webroot/index.php:7
[11-Dec-2013 20:18:47 Asia/Manila] PHP   3. Controller->dispatchAction() /Users/yu-m/Sites/board/dietcake/core/dispatcher.php:12
[11-Dec-2013 20:18:47 Asia/Manila] PHP   4. ThreadController->index() /Users/yu-m/Sites/board/dietcake/core/controller.php:46
[11-Dec-2013 20:18:47 Asia/Manila] PHP   5. Thread::getAll() /Users/yu-m/Sites/board/app/controllers/thread_controller.php:6
[11-Dec-2013 20:18:47 Asia/Manila] PHP Warning:  Invalid argument supplied for foreach() in /Users/yu-m/Sites/board/app/models/thread.php on line 9
[11-Dec-2013 20:18:47 Asia/Manila] PHP Stack trace:
[11-Dec-2013 20:18:47 Asia/Manila] PHP   1. {main}() /Users/yu-m/Sites/board/app/webroot/index.php:0
[11-Dec-2013 20:18:47 Asia/Manila] PHP   2. Dispatcher::invoke() /Users/yu-m/Sites/board/app/webroot/index.php:7
[11-Dec-2013 20:18:47 Asia/Manila] PHP   3. Controller->dispatchAction() /Users/yu-m/Sites/board/dietcake/core/dispatcher.php:12
[11-Dec-2013 20:18:47 Asia/Manila] PHP   4. ThreadController->index() /Users/yu-m/Sites/board/dietcake/core/controller.php:46
[11-Dec-2013 20:18:47 Asia/Manila] PHP   5. Thread::getAll() /Users/yu-m/Sites/board/app/controllers/thread_controller.php:6
[11-Dec-2013 20:21:55 Asia/Manila] PHP Fatal error:  Uncaught exception 'DCException' with message 'action does not exist' in /Users/yu-m/Sites/board/dietcake/core/controller.php:36
Stack trace:
#0 /Users/yu-m/Sites/board/dietcake/core/dispatcher.php(12): Controller->dispatchAction()
#1 /Users/yu-m/Sites/board/app/webroot/index.php(7): Dispatcher::invoke()
#2 {main}
  thrown in /Users/yu-m/Sites/board/dietcake/core/controller.php on line 36
[11-Dec-2013 20:23:35 Asia/Manila] PHP Fatal error:  Uncaught exception 'DCException' with message '/Users/yu-m/Sites/board/app/views/thread/index.php is not found' in /Users/yu-m/Sites/board/app/app_layout_view.php:34
Stack trace:
#0 /Users/yu-m/Sites/board/app/app_layout_view.php(23): AppLayoutView::extractAndMerge('/Users/yu-m/Sit...', Array)
#1 /Users/yu-m/Sites/board/dietcake/core/controller.php(83): AppLayoutView->render(NULL)
#2 /Users/yu-m/Sites/board/dietcake/core/controller.php(48): Controller->render()
#3 /Users/yu-m/Sites/board/dietcake/core/dispatcher.php(12): Controller->dispatchAction()
#4 /Users/yu-m/Sites/board/app/webroot/index.php(7): Dispatcher::invoke()
#5 {main}
  thrown in /Users/yu-m/Sites/board/app/app_layout_view.php on line 34
[11-Dec-2013 20:23:43 Asia/Manila] PHP Fatal error:  Uncaught exception 'DCException' with message 'action does not exist' in /Users/yu-m/Sites/board/dietcake/core/controller.php:36
Stack trace:
#0 /Users/yu-m/Sites/board/dietcake/core/dispatcher.php(12): Controller->dispatchAction()
#1 /Users/yu-m/Sites/board/app/webroot/index.php(7): Dispatcher::invoke()
#2 {main}
  thrown in /Users/yu-m/Sites/board/dietcake/core/controller.php on line 36
[11-Dec-2013 20:41:45 Asia/Manila] PHP Parse error:  parse error in /Users/yu-m/Sites/board/app/controllers/thread_controller.php on line 17
[11-Dec-2013 20:41:45 Asia/Manila] PHP Stack trace:
[11-Dec-2013 20:41:45 Asia/Manila] PHP   1. {main}() /Users/yu-m/Sites/board/app/webroot/index.php:0
[11-Dec-2013 20:41:45 Asia/Manila] PHP   2. Dispatcher::invoke() /Users/yu-m/Sites/board/app/webroot/index.php:7
[11-Dec-2013 20:41:45 Asia/Manila] PHP   3. Dispatcher::getController() /Users/yu-m/Sites/board/dietcake/core/dispatcher.php:8
[11-Dec-2013 20:41:45 Asia/Manila] PHP   4. class_exists() /Users/yu-m/Sites/board/dietcake/core/dispatcher.php:41
[11-Dec-2013 20:41:45 Asia/Manila] PHP   5. {closure}() /Users/yu-m/Sites/board/dietcake/core/dispatcher.php:0
[11-Dec-2013 20:42:24 Asia/Manila] PHP Fatal error:  Uncaught exception 'DCException' with message '/Users/yu-m/Sites/board/app/views/thread/get_threads.php is not found' in /Users/yu-m/Sites/board/app/app_layout_view.php:34
Stack trace:
#0 /Users/yu-m/Sites/board/app/app_layout_view.php(23): AppLayoutView::extractAndMerge('/Users/yu-m/Sit...', Array)
#1 /Users/yu-m/Sites/board/dietcake/core/controller.php(83): AppLayoutView->render(NULL)
#2 /Users/yu-m/Sites/board/dietcake/core/controller.php(48): Controller->render()
#3 /Users/yu-m/Sites/board/dietcake/core/dispatcher.php(12): Controller->dispatchAction()
#4 /Users/yu-m/Sites/board/app/webroot/index.php(7): Dispatcher::invoke()
#5 {main}
  thrown in /Users/yu-m/Sites/board/app/app_layout_view.php on line 34
[11-Dec-2013 20:44:57 Asia/Manila] PHP Fatal error:  Uncaught exception 'DCException' with message '/Users/yu-m/Sites/board/app/views/thread/get_threads.php is not found' in /Users/yu-m/Sites/board/app/app_layout_view.php:34
Stack trace:
#0 /Users/yu-m/Sites/board/app/app_layout_view.php(23): AppLayoutView::extractAndMerge('/Users/yu-m/Sit...', Array)
#1 /Users/yu-m/Sites/board/dietcake/core/controller.php(83): AppLayoutView->render(NULL)
#2 /Users/yu-m/Sites/board/dietcake/core/controller.php(48): Controller->render()
#3 /Users/yu-m/Sites/board/dietcake/core/dispatcher.php(12): Controller->dispatchAction()
#4 /Users/yu-m/Sites/board/app/webroot/index.php(7): Dispatcher::invoke()
#5 {main}
  thrown in /Users/yu-m/Sites/board/app/app_layout_view.php on line 34
[11-Dec-2013 20:46:34 Asia/Manila] PHP Fatal error:  Uncaught exception 'DCException' with message '/Users/yu-m/Sites/board/app/views/thread/get_threads.php is not found' in /Users/yu-m/Sites/board/app/app_layout_view.php:34
Stack trace:
#0 /Users/yu-m/Sites/board/app/app_layout_view.php(23): AppLayoutView::extractAndMerge('/Users/yu-m/Sit...', Array)
#1 /Users/yu-m/Sites/board/dietcake/core/controller.php(83): AppLayoutView->render(NULL)
#2 /Users/yu-m/Sites/board/dietcake/core/controller.php(48): Controller->render()
#3 /Users/yu-m/Sites/board/dietcake/core/dispatcher.php(12): Controller->dispatchAction()
#4 /Users/yu-m/Sites/board/app/webroot/index.php(7): Dispatcher::invoke()
#5 {main}
  thrown in /Users/yu-m/Sites/board/app/app_layout_view.php on line 34
[11-Dec-2013 20:46:36 Asia/Manila] PHP Fatal error:  Uncaught exception 'DCException' with message '/Users/yu-m/Sites/board/app/views/thread/get_threads.php is not found' in /Users/yu-m/Sites/board/app/app_layout_view.php:34
Stack trace:
#0 /Users/yu-m/Sites/board/app/app_layout_view.php(23): AppLayoutView::extractAndMerge('/Users/yu-m/Sit...', Array)
#1 /Users/yu-m/Sites/board/dietcake/core/controller.php(83): AppLayoutView->render(NULL)
#2 /Users/yu-m/Sites/board/dietcake/core/controller.php(48): Controller->render()
#3 /Users/yu-m/Sites/board/dietcake/core/dispatcher.php(12): Controller->dispatchAction()
#4 /Users/yu-m/Sites/board/app/webroot/index.php(7): Dispatcher::invoke()
#5 {main}
  thrown in /Users/yu-m/Sites/board/app/app_layout_view.php on line 34
[11-Dec-2013 20:46:56 Asia/Manila] PHP Fatal error:  Uncaught exception 'DCException' with message '/Users/yu-m/Sites/board/app/views/thread/get_threads.php is not found' in /Users/yu-m/Sites/board/app/app_layout_view.php:34
Stack trace:
#0 /Users/yu-m/Sites/board/app/app_layout_view.php(23): AppLayoutView::extractAndMerge('/Users/yu-m/Sit...', Array)
#1 /Users/yu-m/Sites/board/dietcake/core/controller.php(83): AppLayoutView->render(NULL)
#2 /Users/yu-m/Sites/board/dietcake/core/controller.php(48): Controller->render()
#3 /Users/yu-m/Sites/board/dietcake/core/dispatcher.php(12): Controller->dispatchAction()
#4 /Users/yu-m/Sites/board/app/webroot/index.php(7): Dispatcher::invoke()
#5 {main}
  thrown in /Users/yu-m/Sites/board/app/app_layout_view.php on line 34
[11-Dec-2013 20:47:55 Asia/Manila] PHP Fatal error:  Uncaught exception 'DCException' with message '/Users/yu-m/Sites/board/app/views/thread/get_threads.php is not found' in /Users/yu-m/Sites/board/app/app_layout_view.php:34
Stack trace:
#0 /Users/yu-m/Sites/board/app/app_layout_view.php(23): AppLayoutView::extractAndMerge('/Users/yu-m/Sit...', Array)
#1 /Users/yu-m/Sites/board/dietcake/core/controller.php(83): AppLayoutView->render(NULL)
#2 /Users/yu-m/Sites/board/dietcake/core/controller.php(48): Controller->render()
#3 /Users/yu-m/Sites/board/dietcake/core/dispatcher.php(12): Controller->dispatchAction()
#4 /Users/yu-m/Sites/board/app/webroot/index.php(7): Dispatcher::invoke()
#5 {main}
  thrown in /Users/yu-m/Sites/board/app/app_layout_view.php on line 34
[11-Dec-2013 20:48:52 Asia/Manila] PHP Fatal error:  Uncaught exception 'DCException' with message '/Users/yu-m/Sites/board/app/views/thread/get_threads.php is not found' in /Users/yu-m/Sites/board/app/app_layout_view.php:34
Stack trace:
#0 /Users/yu-m/Sites/board/app/app_layout_view.php(23): AppLayoutView::extractAndMerge('/Users/yu-m/Sit...', Array)
#1 /Users/yu-m/Sites/board/dietcake/core/controller.php(83): AppLayoutView->render(NULL)
#2 /Users/yu-m/Sites/board/dietcake/core/controller.php(48): Controller->render()
#3 /Users/yu-m/Sites/board/dietcake/core/dispatcher.php(12): Controller->dispatchAction()
#4 /Users/yu-m/Sites/board/app/webroot/index.php(7): Dispatcher::invoke()
#5 {main}
  thrown in /Users/yu-m/Sites/board/app/app_layout_view.php on line 34
[11-Dec-2013 20:48:56 Asia/Manila] PHP Fatal error:  Uncaught exception 'DCException' with message '/Users/yu-m/Sites/board/app/views/thread/get_threads.php is not found' in /Users/yu-m/Sites/board/app/app_layout_view.php:34
Stack trace:
#0 /Users/yu-m/Sites/board/app/app_layout_view.php(23): AppLayoutView::extractAndMerge('/Users/yu-m/Sit...', Array)
#1 /Users/yu-m/Sites/board/dietcake/core/controller.php(83): AppLayoutView->render(NULL)
#2 /Users/yu-m/Sites/board/dietcake/core/controller.php(48): Controller->render()
#3 /Users/yu-m/Sites/board/dietcake/core/dispatcher.php(12): Controller->dispatchAction()
#4 /Users/yu-m/Sites/board/app/webroot/index.php(7): Dispatcher::invoke()
#5 {main}
  thrown in /Users/yu-m/Sites/board/app/app_layout_view.php on line 34
[11-Dec-2013 20:50:28 Asia/Manila] PHP Fatal error:  Uncaught exception 'DCException' with message '/Users/yu-m/Sites/board/app/views/thread/get_threads.php is not found' in /Users/yu-m/Sites/board/app/app_layout_view.php:34
Stack trace:
#0 /Users/yu-m/Sites/board/app/app_layout_view.php(23): AppLayoutView::extractAndMerge('/Users/yu-m/Sit...', Array)
#1 /Users/yu-m/Sites/board/dietcake/core/controller.php(83): AppLayoutView->render(NULL)
#2 /Users/yu-m/Sites/board/dietcake/core/controller.php(48): Controller->render()
#3 /Users/yu-m/Sites/board/dietcake/core/dispatcher.php(12): Controller->dispatchAction()
#4 /Users/yu-m/Sites/board/app/webroot/index.php(7): Dispatcher::invoke()
#5 {main}
  thrown in /Users/yu-m/Sites/board/app/app_layout_view.php on line 34
[11-Dec-2013 20:50:30 Asia/Manila] PHP Fatal error:  Uncaught exception 'DCException' with message '/Users/yu-m/Sites/board/app/views/thread/get_threads.php is not found' in /Users/yu-m/Sites/board/app/app_layout_view.php:34
Stack trace:
#0 /Users/yu-m/Sites/board/app/app_layout_view.php(23): AppLayoutView::extractAndMerge('/Users/yu-m/Sit...', Array)
#1 /Users/yu-m/Sites/board/dietcake/core/controller.php(83): AppLayoutView->render(NULL)
#2 /Users/yu-m/Sites/board/dietcake/core/controller.php(48): Controller->render()
#3 /Users/yu-m/Sites/board/dietcake/core/dispatcher.php(12): Controller->dispatchAction()
#4 /Users/yu-m/Sites/board/app/webroot/index.php(7): Dispatcher::invoke()
#5 {main}
  thrown in /Users/yu-m/Sites/board/app/app_layout_view.php on line 34
[11-Dec-2013 20:51:01 Asia/Manila] PHP Fatal error:  Uncaught exception 'DCException' with message '/Users/yu-m/Sites/board/app/views/thread/get_threads.php is not found' in /Users/yu-m/Sites/board/app/app_layout_view.php:34
Stack trace:
#0 /Users/yu-m/Sites/board/app/app_layout_view.php(23): AppLayoutView::extractAndMerge('/Users/yu-m/Sit...', Array)
#1 /Users/yu-m/Sites/board/dietcake/core/controller.php(83): AppLayoutView->render(NULL)
#2 /Users/yu-m/Sites/board/dietcake/core/controller.php(48): Controller->render()
#3 /Users/yu-m/Sites/board/dietcake/core/dispatcher.php(12): Controller->dispatchAction()
#4 /Users/yu-m/Sites/board/app/webroot/index.php(7): Dispatcher::invoke()
#5 {main}
  thrown in /Users/yu-m/Sites/board/app/app_layout_view.php on line 34
[11-Dec-2013 20:52:47 Asia/Manila] PHP Fatal error:  Uncaught exception 'DCException' with message '/Users/yu-m/Sites/board/app/views/thread/get_threads.php is not found' in /Users/yu-m/Sites/board/app/app_layout_view.php:34
Stack trace:
#0 /Users/yu-m/Sites/board/app/app_layout_view.php(23): AppLayoutView::extractAndMerge('/Users/yu-m/Sit...', Array)
#1 /Users/yu-m/Sites/board/dietcake/core/controller.php(83): AppLayoutView->render(NULL)
#2 /Users/yu-m/Sites/board/dietcake/core/controller.php(48): Controller->render()
#3 /Users/yu-m/Sites/board/dietcake/core/dispatcher.php(12): Controller->dispatchAction()
#4 /Users/yu-m/Sites/board/app/webroot/index.php(7): Dispatcher::invoke()
#5 {main}
  thrown in /Users/yu-m/Sites/board/app/app_layout_view.php on line 34
[11-Dec-2013 20:53:29 Asia/Manila] PHP Fatal error:  Uncaught exception 'DCException' with message '/Users/yu-m/Sites/board/app/views/thread/get_threads.php is not found' in /Users/yu-m/Sites/board/app/app_layout_view.php:34
Stack trace:
#0 /Users/yu-m/Sites/board/app/app_layout_view.php(23): AppLayoutView::extractAndMerge('/Users/yu-m/Sit...', Array)
#1 /Users/yu-m/Sites/board/dietcake/core/controller.php(83): AppLayoutView->render(NULL)
#2 /Users/yu-m/Sites/board/dietcake/core/controller.php(48): Controller->render()
#3 /Users/yu-m/Sites/board/dietcake/core/dispatcher.php(12): Controller->dispatchAction()
#4 /Users/yu-m/Sites/board/app/webroot/index.php(7): Dispatcher::invoke()
#5 {main}
  thrown in /Users/yu-m/Sites/board/app/app_layout_view.php on line 34
[11-Dec-2013 20:54:57 Asia/Manila] PHP Fatal error:  Uncaught exception 'DCException' with message 'action does not exist' in /Users/yu-m/Sites/board/dietcake/core/controller.php:36
Stack trace:
#0 /Users/yu-m/Sites/board/dietcake/core/dispatcher.php(12): Controller->dispatchAction()
#1 /Users/yu-m/Sites/board/app/webroot/index.php(7): Dispatcher::invoke()
#2 {main}
  thrown in /Users/yu-m/Sites/board/dietcake/core/controller.php on line 36
[11-Dec-2013 20:55:43 Asia/Manila] PHP Fatal error:  Uncaught exception 'DCException' with message 'action does not exist' in /Users/yu-m/Sites/board/dietcake/core/controller.php:36
Stack trace:
#0 /Users/yu-m/Sites/board/dietcake/core/dispatcher.php(12): Controller->dispatchAction()
#1 /Users/yu-m/Sites/board/app/webroot/index.php(7): Dispatcher::invoke()
#2 {main}
  thrown in /Users/yu-m/Sites/board/dietcake/core/controller.php on line 36
[11-Dec-2013 20:56:15 Asia/Manila] PHP Fatal error:  Call to undefined method Thread::get_threads() in /Users/yu-m/Sites/board/app/controllers/thread_controller.php on line 6
[11-Dec-2013 20:56:15 Asia/Manila] PHP Stack trace:
[11-Dec-2013 20:56:15 Asia/Manila] PHP   1. {main}() /Users/yu-m/Sites/board/app/webroot/index.php:0
[11-Dec-2013 20:56:15 Asia/Manila] PHP   2. Dispatcher::invoke() /Users/yu-m/Sites/board/app/webroot/index.php:7
[11-Dec-2013 20:56:15 Asia/Manila] PHP   3. Controller->dispatchAction() /Users/yu-m/Sites/board/dietcake/core/dispatcher.php:12
[11-Dec-2013 20:56:15 Asia/Manila] PHP   4. ThreadController->index() /Users/yu-m/Sites/board/dietcake/core/controller.php:46
[11-Dec-2013 20:56:17 Asia/Manila] PHP Fatal error:  Call to undefined method Thread::get_threads() in /Users/yu-m/Sites/board/app/controllers/thread_controller.php on line 6
[11-Dec-2013 20:56:17 Asia/Manila] PHP Stack trace:
[11-Dec-2013 20:56:17 Asia/Manila] PHP   1. {main}() /Users/yu-m/Sites/board/app/webroot/index.php:0
[11-Dec-2013 20:56:17 Asia/Manila] PHP   2. Dispatcher::invoke() /Users/yu-m/Sites/board/app/webroot/index.php:7
[11-Dec-2013 20:56:17 Asia/Manila] PHP   3. Controller->dispatchAction() /Users/yu-m/Sites/board/dietcake/core/dispatcher.php:12
[11-Dec-2013 20:56:17 Asia/Manila] PHP   4. ThreadController->index() /Users/yu-m/Sites/board/dietcake/core/controller.php:46
[11-Dec-2013 20:56:20 Asia/Manila] PHP Fatal error:  Call to undefined method Thread::get_threads() in /Users/yu-m/Sites/board/app/controllers/thread_controller.php on line 6
[11-Dec-2013 20:56:20 Asia/Manila] PHP Stack trace:
[11-Dec-2013 20:56:20 Asia/Manila] PHP   1. {main}() /Users/yu-m/Sites/board/app/webroot/index.php:0
[11-Dec-2013 20:56:20 Asia/Manila] PHP   2. Dispatcher::invoke() /Users/yu-m/Sites/board/app/webroot/index.php:7
[11-Dec-2013 20:56:20 Asia/Manila] PHP   3. Controller->dispatchAction() /Users/yu-m/Sites/board/dietcake/core/dispatcher.php:12
[11-Dec-2013 20:56:20 Asia/Manila] PHP   4. ThreadController->index() /Users/yu-m/Sites/board/dietcake/core/controller.php:46
[11-Dec-2013 20:56:22 Asia/Manila] PHP Fatal error:  Call to undefined method Thread::get_threads() in /Users/yu-m/Sites/board/app/controllers/thread_controller.php on line 6
[11-Dec-2013 20:56:22 Asia/Manila] PHP Stack trace:
[11-Dec-2013 20:56:22 Asia/Manila] PHP   1. {main}() /Users/yu-m/Sites/board/app/webroot/index.php:0
[11-Dec-2013 20:56:22 Asia/Manila] PHP   2. Dispatcher::invoke() /Users/yu-m/Sites/board/app/webroot/index.php:7
[11-Dec-2013 20:56:22 Asia/Manila] PHP   3. Controller->dispatchAction() /Users/yu-m/Sites/board/dietcake/core/dispatcher.php:12
[11-Dec-2013 20:56:22 Asia/Manila] PHP   4. ThreadController->index() /Users/yu-m/Sites/board/dietcake/core/controller.php:46
[11-Dec-2013 20:56:24 Asia/Manila] PHP Fatal error:  Call to undefined method Thread::get_threads() in /Users/yu-m/Sites/board/app/controllers/thread_controller.php on line 6
[11-Dec-2013 20:56:24 Asia/Manila] PHP Stack trace:
[11-Dec-2013 20:56:24 Asia/Manila] PHP   1. {main}() /Users/yu-m/Sites/board/app/webroot/index.php:0
[11-Dec-2013 20:56:24 Asia/Manila] PHP   2. Dispatcher::invoke() /Users/yu-m/Sites/board/app/webroot/index.php:7
[11-Dec-2013 20:56:24 Asia/Manila] PHP   3. Controller->dispatchAction() /Users/yu-m/Sites/board/dietcake/core/dispatcher.php:12
[11-Dec-2013 20:56:24 Asia/Manila] PHP   4. ThreadController->index() /Users/yu-m/Sites/board/dietcake/core/controller.php:46
[11-Dec-2013 20:56:25 Asia/Manila] PHP Fatal error:  Call to undefined method Thread::get_threads() in /Users/yu-m/Sites/board/app/controllers/thread_controller.php on line 6
[11-Dec-2013 20:56:25 Asia/Manila] PHP Stack trace:
[11-Dec-2013 20:56:25 Asia/Manila] PHP   1. {main}() /Users/yu-m/Sites/board/app/webroot/index.php:0
[11-Dec-2013 20:56:25 Asia/Manila] PHP   2. Dispatcher::invoke() /Users/yu-m/Sites/board/app/webroot/index.php:7
[11-Dec-2013 20:56:25 Asia/Manila] PHP   3. Controller->dispatchAction() /Users/yu-m/Sites/board/dietcake/core/dispatcher.php:12
[11-Dec-2013 20:56:25 Asia/Manila] PHP   4. ThreadController->index() /Users/yu-m/Sites/board/dietcake/core/controller.php:46
[11-Dec-2013 20:56:40 Asia/Manila] PHP Fatal error:  Call to undefined method Thread::get_threads() in /Users/yu-m/Sites/board/app/controllers/thread_controller.php on line 6
[11-Dec-2013 20:56:40 Asia/Manila] PHP Stack trace:
[11-Dec-2013 20:56:40 Asia/Manila] PHP   1. {main}() /Users/yu-m/Sites/board/app/webroot/index.php:0
[11-Dec-2013 20:56:40 Asia/Manila] PHP   2. Dispatcher::invoke() /Users/yu-m/Sites/board/app/webroot/index.php:7
[11-Dec-2013 20:56:40 Asia/Manila] PHP   3. Controller->dispatchAction() /Users/yu-m/Sites/board/dietcake/core/dispatcher.php:12
[11-Dec-2013 20:56:40 Asia/Manila] PHP   4. ThreadController->index() /Users/yu-m/Sites/board/dietcake/core/controller.php:46
[11-Dec-2013 21:21:36 Asia/Manila] PHP Warning:  Missing argument 1 for Thread::get_comments(), called in /Users/yu-m/Sites/board/app/controllers/thread_controller.php on line 11 and defined in /Users/yu-m/Sites/board/app/models/thread.php on line 20
[11-Dec-2013 21:21:36 Asia/Manila] PHP Stack trace:
[11-Dec-2013 21:21:36 Asia/Manila] PHP   1. {main}() /Users/yu-m/Sites/board/app/webroot/index.php:0
[11-Dec-2013 21:21:36 Asia/Manila] PHP   2. Dispatcher::invoke() /Users/yu-m/Sites/board/app/webroot/index.php:7
[11-Dec-2013 21:21:36 Asia/Manila] PHP   3. Controller->dispatchAction() /Users/yu-m/Sites/board/dietcake/core/dispatcher.php:12
[11-Dec-2013 21:21:36 Asia/Manila] PHP   4. ThreadController->view() /Users/yu-m/Sites/board/dietcake/core/controller.php:46
[11-Dec-2013 21:21:36 Asia/Manila] PHP   5. Thread::get_comments() /Users/yu-m/Sites/board/app/controllers/thread_controller.php:11
[11-Dec-2013 21:21:36 Asia/Manila] PHP Fatal error:  Using $this when not in object context in /Users/yu-m/Sites/board/app/models/thread.php on line 24
[11-Dec-2013 21:21:36 Asia/Manila] PHP Stack trace:
[11-Dec-2013 21:21:36 Asia/Manila] PHP   1. {main}() /Users/yu-m/Sites/board/app/webroot/index.php:0
[11-Dec-2013 21:21:36 Asia/Manila] PHP   2. Dispatcher::invoke() /Users/yu-m/Sites/board/app/webroot/index.php:7
[11-Dec-2013 21:21:36 Asia/Manila] PHP   3. Controller->dispatchAction() /Users/yu-m/Sites/board/dietcake/core/dispatcher.php:12
[11-Dec-2013 21:21:36 Asia/Manila] PHP   4. ThreadController->view() /Users/yu-m/Sites/board/dietcake/core/controller.php:46
[11-Dec-2013 21:21:36 Asia/Manila] PHP   5. Thread::get_comments() /Users/yu-m/Sites/board/app/controllers/thread_controller.php:11
[11-Dec-2013 21:21:39 Asia/Manila] PHP Warning:  Missing argument 1 for Thread::get_comments(), called in /Users/yu-m/Sites/board/app/controllers/thread_controller.php on line 11 and defined in /Users/yu-m/Sites/board/app/models/thread.php on line 20
[11-Dec-2013 21:21:39 Asia/Manila] PHP Stack trace:
[11-Dec-2013 21:21:39 Asia/Manila] PHP   1. {main}() /Users/yu-m/Sites/board/app/webroot/index.php:0
[11-Dec-2013 21:21:39 Asia/Manila] PHP   2. Dispatcher::invoke() /Users/yu-m/Sites/board/app/webroot/index.php:7
[11-Dec-2013 21:21:39 Asia/Manila] PHP   3. Controller->dispatchAction() /Users/yu-m/Sites/board/dietcake/core/dispatcher.php:12
[11-Dec-2013 21:21:39 Asia/Manila] PHP   4. ThreadController->view() /Users/yu-m/Sites/board/dietcake/core/controller.php:46
[11-Dec-2013 21:21:39 Asia/Manila] PHP   5. Thread::get_comments() /Users/yu-m/Sites/board/app/controllers/thread_controller.php:11
[11-Dec-2013 21:21:39 Asia/Manila] PHP Fatal error:  Using $this when not in object context in /Users/yu-m/Sites/board/app/models/thread.php on line 24
[11-Dec-2013 21:21:39 Asia/Manila] PHP Stack trace:
[11-Dec-2013 21:21:39 Asia/Manila] PHP   1. {main}() /Users/yu-m/Sites/board/app/webroot/index.php:0
[11-Dec-2013 21:21:39 Asia/Manila] PHP   2. Dispatcher::invoke() /Users/yu-m/Sites/board/app/webroot/index.php:7
[11-Dec-2013 21:21:39 Asia/Manila] PHP   3. Controller->dispatchAction() /Users/yu-m/Sites/board/dietcake/core/dispatcher.php:12
[11-Dec-2013 21:21:39 Asia/Manila] PHP   4. ThreadController->view() /Users/yu-m/Sites/board/dietcake/core/controller.php:46
[11-Dec-2013 21:21:39 Asia/Manila] PHP   5. Thread::get_comments() /Users/yu-m/Sites/board/app/controllers/thread_controller.php:11
[11-Dec-2013 21:22:42 Asia/Manila] PHP Fatal error:  Using $this when not in object context in /Users/yu-m/Sites/board/app/models/thread.php on line 23
[11-Dec-2013 21:22:42 Asia/Manila] PHP Stack trace:
[11-Dec-2013 21:22:42 Asia/Manila] PHP   1. {main}() /Users/yu-m/Sites/board/app/webroot/index.php:0
[11-Dec-2013 21:22:42 Asia/Manila] PHP   2. Dispatcher::invoke() /Users/yu-m/Sites/board/app/webroot/index.php:7
[11-Dec-2013 21:22:42 Asia/Manila] PHP   3. Controller->dispatchAction() /Users/yu-m/Sites/board/dietcake/core/dispatcher.php:12
[11-Dec-2013 21:22:42 Asia/Manila] PHP   4. ThreadController->view() /Users/yu-m/Sites/board/dietcake/core/controller.php:46
[11-Dec-2013 21:22:42 Asia/Manila] PHP   5. Thread::get_comments() /Users/yu-m/Sites/board/app/controllers/thread_controller.php:11
[11-Dec-2013 21:23:24 Asia/Manila] PHP Notice:  Undefined variable: this in /Users/yu-m/Sites/board/app/models/thread.php on line 23
[11-Dec-2013 21:23:24 Asia/Manila] PHP Stack trace:
[11-Dec-2013 21:23:24 Asia/Manila] PHP   1. {main}() /Users/yu-m/Sites/board/app/webroot/index.php:0
[11-Dec-2013 21:23:24 Asia/Manila] PHP   2. Dispatcher::invoke() /Users/yu-m/Sites/board/app/webroot/index.php:7
[11-Dec-2013 21:23:24 Asia/Manila] PHP   3. Controller->dispatchAction() /Users/yu-m/Sites/board/dietcake/core/dispatcher.php:12
[11-Dec-2013 21:23:24 Asia/Manila] PHP   4. ThreadController->view() /Users/yu-m/Sites/board/dietcake/core/controller.php:46
[11-Dec-2013 21:23:24 Asia/Manila] PHP   5. Thread::get_comments() /Users/yu-m/Sites/board/app/controllers/thread_controller.php:11
[11-Dec-2013 21:23:24 Asia/Manila] PHP Fatal error:  Using $this when not in object context in /Users/yu-m/Sites/board/app/models/thread.php on line 24
[11-Dec-2013 21:23:24 Asia/Manila] PHP Stack trace:
[11-Dec-2013 21:23:24 Asia/Manila] PHP   1. {main}() /Users/yu-m/Sites/board/app/webroot/index.php:0
[11-Dec-2013 21:23:24 Asia/Manila] PHP   2. Dispatcher::invoke() /Users/yu-m/Sites/board/app/webroot/index.php:7
[11-Dec-2013 21:23:24 Asia/Manila] PHP   3. Controller->dispatchAction() /Users/yu-m/Sites/board/dietcake/core/dispatcher.php:12
[11-Dec-2013 21:23:24 Asia/Manila] PHP   4. ThreadController->view() /Users/yu-m/Sites/board/dietcake/core/controller.php:46
[11-Dec-2013 21:23:24 Asia/Manila] PHP   5. Thread::get_comments() /Users/yu-m/Sites/board/app/controllers/thread_controller.php:11
[11-Dec-2013 21:23:59 Asia/Manila] PHP Catchable fatal error:  Object of class Thread could not be converted to string in /Users/yu-m/Sites/board/app/controllers/thread_controller.php on line 11
[11-Dec-2013 21:23:59 Asia/Manila] PHP Stack trace:
[11-Dec-2013 21:23:59 Asia/Manila] PHP   1. {main}() /Users/yu-m/Sites/board/app/webroot/index.php:0
[11-Dec-2013 21:23:59 Asia/Manila] PHP   2. Dispatcher::invoke() /Users/yu-m/Sites/board/app/webroot/index.php:7
[11-Dec-2013 21:23:59 Asia/Manila] PHP   3. Controller->dispatchAction() /Users/yu-m/Sites/board/dietcake/core/dispatcher.php:12
[11-Dec-2013 21:23:59 Asia/Manila] PHP   4. ThreadController->view() /Users/yu-m/Sites/board/dietcake/core/controller.php:46
[11-Dec-2013 21:27:17 Asia/Manila] PHP Catchable fatal error:  Object of class Thread could not be converted to string in /Users/yu-m/Sites/board/app/controllers/thread_controller.php on line 12
[11-Dec-2013 21:27:17 Asia/Manila] PHP Stack trace:
[11-Dec-2013 21:27:17 Asia/Manila] PHP   1. {main}() /Users/yu-m/Sites/board/app/webroot/index.php:0
[11-Dec-2013 21:27:17 Asia/Manila] PHP   2. Dispatcher::invoke() /Users/yu-m/Sites/board/app/webroot/index.php:7
[11-Dec-2013 21:27:17 Asia/Manila] PHP   3. Controller->dispatchAction() /Users/yu-m/Sites/board/dietcake/core/dispatcher.php:12
[11-Dec-2013 21:27:17 Asia/Manila] PHP   4. ThreadController->view() /Users/yu-m/Sites/board/dietcake/core/controller.php:46
[11-Dec-2013 21:27:53 Asia/Manila] PHP Catchable fatal error:  Object of class Thread could not be converted to string in /Users/yu-m/Sites/board/app/controllers/thread_controller.php on line 11
[11-Dec-2013 21:27:53 Asia/Manila] PHP Stack trace:
[11-Dec-2013 21:27:53 Asia/Manila] PHP   1. {main}() /Users/yu-m/Sites/board/app/webroot/index.php:0
[11-Dec-2013 21:27:53 Asia/Manila] PHP   2. Dispatcher::invoke() /Users/yu-m/Sites/board/app/webroot/index.php:7
[11-Dec-2013 21:27:53 Asia/Manila] PHP   3. Controller->dispatchAction() /Users/yu-m/Sites/board/dietcake/core/dispatcher.php:12
[11-Dec-2013 21:27:53 Asia/Manila] PHP   4. ThreadController->view() /Users/yu-m/Sites/board/dietcake/core/controller.php:46
[11-Dec-2013 21:28:10 Asia/Manila] PHP Catchable fatal error:  Object of class Thread could not be converted to string in /Users/yu-m/Sites/board/app/controllers/thread_controller.php on line 11
[11-Dec-2013 21:28:10 Asia/Manila] PHP Stack trace:
[11-Dec-2013 21:28:10 Asia/Manila] PHP   1. {main}() /Users/yu-m/Sites/board/app/webroot/index.php:0
[11-Dec-2013 21:28:10 Asia/Manila] PHP   2. Dispatcher::invoke() /Users/yu-m/Sites/board/app/webroot/index.php:7
[11-Dec-2013 21:28:10 Asia/Manila] PHP   3. Controller->dispatchAction() /Users/yu-m/Sites/board/dietcake/core/dispatcher.php:12
[11-Dec-2013 21:28:10 Asia/Manila] PHP   4. ThreadController->view() /Users/yu-m/Sites/board/dietcake/core/controller.php:46
[11-Dec-2013 21:29:19 Asia/Manila] PHP Catchable fatal error:  Object of class Thread could not be converted to string in /Users/yu-m/Sites/board/app/controllers/thread_controller.php on line 11
[11-Dec-2013 21:29:19 Asia/Manila] PHP Stack trace:
[11-Dec-2013 21:29:19 Asia/Manila] PHP   1. {main}() /Users/yu-m/Sites/board/app/webroot/index.php:0
[11-Dec-2013 21:29:19 Asia/Manila] PHP   2. Dispatcher::invoke() /Users/yu-m/Sites/board/app/webroot/index.php:7
[11-Dec-2013 21:29:19 Asia/Manila] PHP   3. Controller->dispatchAction() /Users/yu-m/Sites/board/dietcake/core/dispatcher.php:12
[11-Dec-2013 21:29:19 Asia/Manila] PHP   4. ThreadController->view() /Users/yu-m/Sites/board/dietcake/core/controller.php:46
[11-Dec-2013 21:29:23 Asia/Manila] PHP Catchable fatal error:  Object of class Thread could not be converted to string in /Users/yu-m/Sites/board/app/controllers/thread_controller.php on line 11
[11-Dec-2013 21:29:23 Asia/Manila] PHP Stack trace:
[11-Dec-2013 21:29:23 Asia/Manila] PHP   1. {main}() /Users/yu-m/Sites/board/app/webroot/index.php:0
[11-Dec-2013 21:29:23 Asia/Manila] PHP   2. Dispatcher::invoke() /Users/yu-m/Sites/board/app/webroot/index.php:7
[11-Dec-2013 21:29:23 Asia/Manila] PHP   3. Controller->dispatchAction() /Users/yu-m/Sites/board/dietcake/core/dispatcher.php:12
[11-Dec-2013 21:29:23 Asia/Manila] PHP   4. ThreadController->view() /Users/yu-m/Sites/board/dietcake/core/controller.php:46
[11-Dec-2013 21:31:14 Asia/Manila] PHP Catchable fatal error:  Object of class Thread could not be converted to string in /Users/yu-m/Sites/board/app/controllers/thread_controller.php on line 11
[11-Dec-2013 21:31:14 Asia/Manila] PHP Stack trace:
[11-Dec-2013 21:31:14 Asia/Manila] PHP   1. {main}() /Users/yu-m/Sites/board/app/webroot/index.php:0
[11-Dec-2013 21:31:14 Asia/Manila] PHP   2. Dispatcher::invoke() /Users/yu-m/Sites/board/app/webroot/index.php:7
[11-Dec-2013 21:31:14 Asia/Manila] PHP   3. Controller->dispatchAction() /Users/yu-m/Sites/board/dietcake/core/dispatcher.php:12
[11-Dec-2013 21:31:14 Asia/Manila] PHP   4. ThreadController->view() /Users/yu-m/Sites/board/dietcake/core/controller.php:46
[11-Dec-2013 21:31:17 Asia/Manila] PHP Catchable fatal error:  Object of class Thread could not be converted to string in /Users/yu-m/Sites/board/app/controllers/thread_controller.php on line 11
[11-Dec-2013 21:31:17 Asia/Manila] PHP Stack trace:
[11-Dec-2013 21:31:17 Asia/Manila] PHP   1. {main}() /Users/yu-m/Sites/board/app/webroot/index.php:0
[11-Dec-2013 21:31:17 Asia/Manila] PHP   2. Dispatcher::invoke() /Users/yu-m/Sites/board/app/webroot/index.php:7
[11-Dec-2013 21:31:17 Asia/Manila] PHP   3. Controller->dispatchAction() /Users/yu-m/Sites/board/dietcake/core/dispatcher.php:12
[11-Dec-2013 21:31:17 Asia/Manila] PHP   4. ThreadController->view() /Users/yu-m/Sites/board/dietcake/core/controller.php:46
[11-Dec-2013 21:31:20 Asia/Manila] PHP Catchable fatal error:  Object of class Thread could not be converted to string in /Users/yu-m/Sites/board/app/controllers/thread_controller.php on line 11
[11-Dec-2013 21:31:20 Asia/Manila] PHP Stack trace:
[11-Dec-2013 21:31:20 Asia/Manila] PHP   1. {main}() /Users/yu-m/Sites/board/app/webroot/index.php:0
[11-Dec-2013 21:31:20 Asia/Manila] PHP   2. Dispatcher::invoke() /Users/yu-m/Sites/board/app/webroot/index.php:7
[11-Dec-2013 21:31:20 Asia/Manila] PHP   3. Controller->dispatchAction() /Users/yu-m/Sites/board/dietcake/core/dispatcher.php:12
[11-Dec-2013 21:31:20 Asia/Manila] PHP   4. ThreadController->view() /Users/yu-m/Sites/board/dietcake/core/controller.php:46
[11-Dec-2013 21:33:13 Asia/Manila] PHP Fatal error:  Call to undefined method Thread::get() in /Users/yu-m/Sites/board/app/controllers/thread_controller.php on line 11
[11-Dec-2013 21:33:13 Asia/Manila] PHP Stack trace:
[11-Dec-2013 21:33:13 Asia/Manila] PHP   1. {main}() /Users/yu-m/Sites/board/app/webroot/index.php:0
[11-Dec-2013 21:33:13 Asia/Manila] PHP   2. Dispatcher::invoke() /Users/yu-m/Sites/board/app/webroot/index.php:7
[11-Dec-2013 21:33:13 Asia/Manila] PHP   3. Controller->dispatchAction() /Users/yu-m/Sites/board/dietcake/core/dispatcher.php:12
[11-Dec-2013 21:33:13 Asia/Manila] PHP   4. ThreadController->view() /Users/yu-m/Sites/board/dietcake/core/controller.php:46
[11-Dec-2013 21:33:16 Asia/Manila] PHP Fatal error:  Call to undefined method Thread::get() in /Users/yu-m/Sites/board/app/controllers/thread_controller.php on line 11
[11-Dec-2013 21:33:16 Asia/Manila] PHP Stack trace:
[11-Dec-2013 21:33:16 Asia/Manila] PHP   1. {main}() /Users/yu-m/Sites/board/app/webroot/index.php:0
[11-Dec-2013 21:33:16 Asia/Manila] PHP   2. Dispatcher::invoke() /Users/yu-m/Sites/board/app/webroot/index.php:7
[11-Dec-2013 21:33:16 Asia/Manila] PHP   3. Controller->dispatchAction() /Users/yu-m/Sites/board/dietcake/core/dispatcher.php:12
[11-Dec-2013 21:33:16 Asia/Manila] PHP   4. ThreadController->view() /Users/yu-m/Sites/board/dietcake/core/controller.php:46
[11-Dec-2013 21:33:38 Asia/Manila] PHP Fatal error:  Using $this when not in object context in /Users/yu-m/Sites/board/app/models/thread.php on line 23
[11-Dec-2013 21:33:38 Asia/Manila] PHP Stack trace:
[11-Dec-2013 21:33:38 Asia/Manila] PHP   1. {main}() /Users/yu-m/Sites/board/app/webroot/index.php:0
[11-Dec-2013 21:33:38 Asia/Manila] PHP   2. Dispatcher::invoke() /Users/yu-m/Sites/board/app/webroot/index.php:7
[11-Dec-2013 21:33:38 Asia/Manila] PHP   3. Controller->dispatchAction() /Users/yu-m/Sites/board/dietcake/core/dispatcher.php:12
[11-Dec-2013 21:33:38 Asia/Manila] PHP   4. ThreadController->view() /Users/yu-m/Sites/board/dietcake/core/controller.php:46
[11-Dec-2013 21:33:38 Asia/Manila] PHP   5. Thread::get_comments() /Users/yu-m/Sites/board/app/controllers/thread_controller.php:12
[11-Dec-2013 21:36:08 Asia/Manila] PHP Fatal error:  Using $this when not in object context in /Users/yu-m/Sites/board/app/models/thread.php on line 23
[11-Dec-2013 21:36:08 Asia/Manila] PHP Stack trace:
[11-Dec-2013 21:36:08 Asia/Manila] PHP   1. {main}() /Users/yu-m/Sites/board/app/webroot/index.php:0
[11-Dec-2013 21:36:08 Asia/Manila] PHP   2. Dispatcher::invoke() /Users/yu-m/Sites/board/app/webroot/index.php:7
[11-Dec-2013 21:36:08 Asia/Manila] PHP   3. Controller->dispatchAction() /Users/yu-m/Sites/board/dietcake/core/dispatcher.php:12
[11-Dec-2013 21:36:08 Asia/Manila] PHP   4. ThreadController->view() /Users/yu-m/Sites/board/dietcake/core/controller.php:46
[11-Dec-2013 21:36:08 Asia/Manila] PHP   5. Thread::get_comments() /Users/yu-m/Sites/board/app/controllers/thread_controller.php:12
[11-Dec-2013 21:36:11 Asia/Manila] PHP Fatal error:  Using $this when not in object context in /Users/yu-m/Sites/board/app/models/thread.php on line 23
[11-Dec-2013 21:36:11 Asia/Manila] PHP Stack trace:
[11-Dec-2013 21:36:11 Asia/Manila] PHP   1. {main}() /Users/yu-m/Sites/board/app/webroot/index.php:0
[11-Dec-2013 21:36:11 Asia/Manila] PHP   2. Dispatcher::invoke() /Users/yu-m/Sites/board/app/webroot/index.php:7
[11-Dec-2013 21:36:11 Asia/Manila] PHP   3. Controller->dispatchAction() /Users/yu-m/Sites/board/dietcake/core/dispatcher.php:12
[11-Dec-2013 21:36:11 Asia/Manila] PHP   4. ThreadController->view() /Users/yu-m/Sites/board/dietcake/core/controller.php:46
[11-Dec-2013 21:36:11 Asia/Manila] PHP   5. Thread::get_comments() /Users/yu-m/Sites/board/app/controllers/thread_controller.php:12
[11-Dec-2013 21:36:13 Asia/Manila] PHP Fatal error:  Using $this when not in object context in /Users/yu-m/Sites/board/app/models/thread.php on line 23
[11-Dec-2013 21:36:13 Asia/Manila] PHP Stack trace:
[11-Dec-2013 21:36:13 Asia/Manila] PHP   1. {main}() /Users/yu-m/Sites/board/app/webroot/index.php:0
[11-Dec-2013 21:36:13 Asia/Manila] PHP   2. Dispatcher::invoke() /Users/yu-m/Sites/board/app/webroot/index.php:7
[11-Dec-2013 21:36:13 Asia/Manila] PHP   3. Controller->dispatchAction() /Users/yu-m/Sites/board/dietcake/core/dispatcher.php:12
[11-Dec-2013 21:36:13 Asia/Manila] PHP   4. ThreadController->view() /Users/yu-m/Sites/board/dietcake/core/controller.php:46
[11-Dec-2013 21:36:13 Asia/Manila] PHP   5. Thread::get_comments() /Users/yu-m/Sites/board/app/controllers/thread_controller.php:12
[11-Dec-2013 21:36:45 Asia/Manila] PHP Fatal error:  Using $this when not in object context in /Users/yu-m/Sites/board/app/models/thread.php on line 25
[11-Dec-2013 21:36:45 Asia/Manila] PHP Stack trace:
[11-Dec-2013 21:36:45 Asia/Manila] PHP   1. {main}() /Users/yu-m/Sites/board/app/webroot/index.php:0
[11-Dec-2013 21:36:45 Asia/Manila] PHP   2. Dispatcher::invoke() /Users/yu-m/Sites/board/app/webroot/index.php:7
[11-Dec-2013 21:36:45 Asia/Manila] PHP   3. Controller->dispatchAction() /Users/yu-m/Sites/board/dietcake/core/dispatcher.php:12
[11-Dec-2013 21:36:45 Asia/Manila] PHP   4. ThreadController->view() /Users/yu-m/Sites/board/dietcake/core/controller.php:46
[11-Dec-2013 21:36:45 Asia/Manila] PHP   5. Thread::get_comments() /Users/yu-m/Sites/board/app/controllers/thread_controller.php:12
[11-Dec-2013 21:36:50 Asia/Manila] PHP Fatal error:  Using $this when not in object context in /Users/yu-m/Sites/board/app/models/thread.php on line 25
[11-Dec-2013 21:36:50 Asia/Manila] PHP Stack trace:
[11-Dec-2013 21:36:50 Asia/Manila] PHP   1. {main}() /Users/yu-m/Sites/board/app/webroot/index.php:0
[11-Dec-2013 21:36:50 Asia/Manila] PHP   2. Dispatcher::invoke() /Users/yu-m/Sites/board/app/webroot/index.php:7
[11-Dec-2013 21:36:50 Asia/Manila] PHP   3. Controller->dispatchAction() /Users/yu-m/Sites/board/dietcake/core/dispatcher.php:12
[11-Dec-2013 21:36:50 Asia/Manila] PHP   4. ThreadController->view() /Users/yu-m/Sites/board/dietcake/core/controller.php:46
[11-Dec-2013 21:36:50 Asia/Manila] PHP   5. Thread::get_comments() /Users/yu-m/Sites/board/app/controllers/thread_controller.php:12
[11-Dec-2013 21:37:06 Asia/Manila] PHP Fatal error:  Using $this when not in object context in /Users/yu-m/Sites/board/app/models/thread.php on line 25
[11-Dec-2013 21:37:06 Asia/Manila] PHP Stack trace:
[11-Dec-2013 21:37:06 Asia/Manila] PHP   1. {main}() /Users/yu-m/Sites/board/app/webroot/index.php:0
[11-Dec-2013 21:37:06 Asia/Manila] PHP   2. Dispatcher::invoke() /Users/yu-m/Sites/board/app/webroot/index.php:7
[11-Dec-2013 21:37:06 Asia/Manila] PHP   3. Controller->dispatchAction() /Users/yu-m/Sites/board/dietcake/core/dispatcher.php:12
[11-Dec-2013 21:37:06 Asia/Manila] PHP   4. ThreadController->view() /Users/yu-m/Sites/board/dietcake/core/controller.php:46
[11-Dec-2013 21:37:06 Asia/Manila] PHP   5. Thread::get_comments() /Users/yu-m/Sites/board/app/controllers/thread_controller.php:12
[11-Dec-2013 21:37:29 Asia/Manila] PHP Fatal error:  Using $this when not in object context in /Users/yu-m/Sites/board/app/models/thread.php on line 25
[11-Dec-2013 21:37:29 Asia/Manila] PHP Stack trace:
[11-Dec-2013 21:37:29 Asia/Manila] PHP   1. {main}() /Users/yu-m/Sites/board/app/webroot/index.php:0
[11-Dec-2013 21:37:29 Asia/Manila] PHP   2. Dispatcher::invoke() /Users/yu-m/Sites/board/app/webroot/index.php:7
[11-Dec-2013 21:37:29 Asia/Manila] PHP   3. Controller->dispatchAction() /Users/yu-m/Sites/board/dietcake/core/dispatcher.php:12
[11-Dec-2013 21:37:29 Asia/Manila] PHP   4. ThreadController->view() /Users/yu-m/Sites/board/dietcake/core/controller.php:46
[11-Dec-2013 21:37:29 Asia/Manila] PHP   5. Thread::get_comments() /Users/yu-m/Sites/board/app/controllers/thread_controller.php:11
[11-Dec-2013 21:37:35 Asia/Manila] PHP Fatal error:  Using $this when not in object context in /Users/yu-m/Sites/board/app/models/thread.php on line 25
[11-Dec-2013 21:37:35 Asia/Manila] PHP Stack trace:
[11-Dec-2013 21:37:35 Asia/Manila] PHP   1. {main}() /Users/yu-m/Sites/board/app/webroot/index.php:0
[11-Dec-2013 21:37:35 Asia/Manila] PHP   2. Dispatcher::invoke() /Users/yu-m/Sites/board/app/webroot/index.php:7
[11-Dec-2013 21:37:35 Asia/Manila] PHP   3. Controller->dispatchAction() /Users/yu-m/Sites/board/dietcake/core/dispatcher.php:12
[11-Dec-2013 21:37:35 Asia/Manila] PHP   4. ThreadController->view() /Users/yu-m/Sites/board/dietcake/core/controller.php:46
[11-Dec-2013 21:37:35 Asia/Manila] PHP   5. Thread::get_comments() /Users/yu-m/Sites/board/app/controllers/thread_controller.php:11
[11-Dec-2013 21:38:05 Asia/Manila] PHP Notice:  Trying to get property of non-object in /Users/yu-m/Sites/board/app/models/thread.php on line 17
[11-Dec-2013 21:38:05 Asia/Manila] PHP Stack trace:
[11-Dec-2013 21:38:05 Asia/Manila] PHP   1. {main}() /Users/yu-m/Sites/board/app/webroot/index.php:0
[11-Dec-2013 21:38:05 Asia/Manila] PHP   2. Dispatcher::invoke() /Users/yu-m/Sites/board/app/webroot/index.php:7
[11-Dec-2013 21:38:05 Asia/Manila] PHP   3. Controller->dispatchAction() /Users/yu-m/Sites/board/dietcake/core/dispatcher.php:12
[11-Dec-2013 21:38:05 Asia/Manila] PHP   4. ThreadController->view() /Users/yu-m/Sites/board/dietcake/core/controller.php:46
[11-Dec-2013 21:38:05 Asia/Manila] PHP   5. Thread::get_thread() /Users/yu-m/Sites/board/app/controllers/thread_controller.php:10
[11-Dec-2013 21:38:05 Asia/Manila] PHP Fatal error:  Using $this when not in object context in /Users/yu-m/Sites/board/app/models/thread.php on line 24
[11-Dec-2013 21:38:05 Asia/Manila] PHP Stack trace:
[11-Dec-2013 21:38:05 Asia/Manila] PHP   1. {main}() /Users/yu-m/Sites/board/app/webroot/index.php:0
[11-Dec-2013 21:38:05 Asia/Manila] PHP   2. Dispatcher::invoke() /Users/yu-m/Sites/board/app/webroot/index.php:7
[11-Dec-2013 21:38:05 Asia/Manila] PHP   3. Controller->dispatchAction() /Users/yu-m/Sites/board/dietcake/core/dispatcher.php:12
[11-Dec-2013 21:38:05 Asia/Manila] PHP   4. ThreadController->view() /Users/yu-m/Sites/board/dietcake/core/controller.php:46
[11-Dec-2013 21:38:05 Asia/Manila] PHP   5. Thread::get_comments() /Users/yu-m/Sites/board/app/controllers/thread_controller.php:11
[11-Dec-2013 21:38:32 Asia/Manila] PHP Notice:  Trying to get property of non-object in /Users/yu-m/Sites/board/app/models/thread.php on line 17
[11-Dec-2013 21:38:32 Asia/Manila] PHP Stack trace:
[11-Dec-2013 21:38:32 Asia/Manila] PHP   1. {main}() /Users/yu-m/Sites/board/app/webroot/index.php:0
[11-Dec-2013 21:38:32 Asia/Manila] PHP   2. Dispatcher::invoke() /Users/yu-m/Sites/board/app/webroot/index.php:7
[11-Dec-2013 21:38:32 Asia/Manila] PHP   3. Controller->dispatchAction() /Users/yu-m/Sites/board/dietcake/core/dispatcher.php:12
[11-Dec-2013 21:38:32 Asia/Manila] PHP   4. ThreadController->view() /Users/yu-m/Sites/board/dietcake/core/controller.php:46
[11-Dec-2013 21:38:32 Asia/Manila] PHP   5. Thread::get_thread() /Users/yu-m/Sites/board/app/controllers/thread_controller.php:10
[11-Dec-2013 21:38:32 Asia/Manila] PHP Fatal error:  Using $this when not in object context in /Users/yu-m/Sites/board/app/models/thread.php on line 24
[11-Dec-2013 21:38:32 Asia/Manila] PHP Stack trace:
[11-Dec-2013 21:38:32 Asia/Manila] PHP   1. {main}() /Users/yu-m/Sites/board/app/webroot/index.php:0
[11-Dec-2013 21:38:32 Asia/Manila] PHP   2. Dispatcher::invoke() /Users/yu-m/Sites/board/app/webroot/index.php:7
[11-Dec-2013 21:38:32 Asia/Manila] PHP   3. Controller->dispatchAction() /Users/yu-m/Sites/board/dietcake/core/dispatcher.php:12
[11-Dec-2013 21:38:32 Asia/Manila] PHP   4. ThreadController->view() /Users/yu-m/Sites/board/dietcake/core/controller.php:46
[11-Dec-2013 21:38:32 Asia/Manila] PHP   5. Thread::get_comments() /Users/yu-m/Sites/board/app/controllers/thread_controller.php:11
[11-Dec-2013 21:38:56 Asia/Manila] PHP Fatal error:  Using $this when not in object context in /Users/yu-m/Sites/board/app/models/thread.php on line 24
[11-Dec-2013 21:38:56 Asia/Manila] PHP Stack trace:
[11-Dec-2013 21:38:56 Asia/Manila] PHP   1. {main}() /Users/yu-m/Sites/board/app/webroot/index.php:0
[11-Dec-2013 21:38:56 Asia/Manila] PHP   2. Dispatcher::invoke() /Users/yu-m/Sites/board/app/webroot/index.php:7
[11-Dec-2013 21:38:56 Asia/Manila] PHP   3. Controller->dispatchAction() /Users/yu-m/Sites/board/dietcake/core/dispatcher.php:12
[11-Dec-2013 21:38:56 Asia/Manila] PHP   4. ThreadController->view() /Users/yu-m/Sites/board/dietcake/core/controller.php:46
[11-Dec-2013 21:38:56 Asia/Manila] PHP   5. Thread::get_comments() /Users/yu-m/Sites/board/app/controllers/thread_controller.php:11
[11-Dec-2013 21:40:58 Asia/Manila] PHP Fatal error:  Using $this when not in object context in /Users/yu-m/Sites/board/app/models/thread.php on line 24
[11-Dec-2013 21:40:58 Asia/Manila] PHP Stack trace:
[11-Dec-2013 21:40:58 Asia/Manila] PHP   1. {main}() /Users/yu-m/Sites/board/app/webroot/index.php:0
[11-Dec-2013 21:40:58 Asia/Manila] PHP   2. Dispatcher::invoke() /Users/yu-m/Sites/board/app/webroot/index.php:7
[11-Dec-2013 21:40:58 Asia/Manila] PHP   3. Controller->dispatchAction() /Users/yu-m/Sites/board/dietcake/core/dispatcher.php:12
[11-Dec-2013 21:40:58 Asia/Manila] PHP   4. ThreadController->view() /Users/yu-m/Sites/board/dietcake/core/controller.php:46
[11-Dec-2013 21:40:58 Asia/Manila] PHP   5. Thread::get_comments() /Users/yu-m/Sites/board/app/controllers/thread_controller.php:11
[11-Dec-2013 21:41:01 Asia/Manila] PHP Fatal error:  Using $this when not in object context in /Users/yu-m/Sites/board/app/models/thread.php on line 24
[11-Dec-2013 21:41:01 Asia/Manila] PHP Stack trace:
[11-Dec-2013 21:41:01 Asia/Manila] PHP   1. {main}() /Users/yu-m/Sites/board/app/webroot/index.php:0
[11-Dec-2013 21:41:01 Asia/Manila] PHP   2. Dispatcher::invoke() /Users/yu-m/Sites/board/app/webroot/index.php:7
[11-Dec-2013 21:41:01 Asia/Manila] PHP   3. Controller->dispatchAction() /Users/yu-m/Sites/board/dietcake/core/dispatcher.php:12
[11-Dec-2013 21:41:01 Asia/Manila] PHP   4. ThreadController->view() /Users/yu-m/Sites/board/dietcake/core/controller.php:46
[11-Dec-2013 21:41:01 Asia/Manila] PHP   5. Thread::get_comments() /Users/yu-m/Sites/board/app/controllers/thread_controller.php:11
[11-Dec-2013 21:41:51 Asia/Manila] PHP Fatal error:  Using $this when not in object context in /Users/yu-m/Sites/board/app/models/thread.php on line 23
[11-Dec-2013 21:41:51 Asia/Manila] PHP Stack trace:
[11-Dec-2013 21:41:51 Asia/Manila] PHP   1. {main}() /Users/yu-m/Sites/board/app/webroot/index.php:0
[11-Dec-2013 21:41:51 Asia/Manila] PHP   2. Dispatcher::invoke() /Users/yu-m/Sites/board/app/webroot/index.php:7
[11-Dec-2013 21:41:51 Asia/Manila] PHP   3. Controller->dispatchAction() /Users/yu-m/Sites/board/dietcake/core/dispatcher.php:12
[11-Dec-2013 21:41:51 Asia/Manila] PHP   4. ThreadController->view() /Users/yu-m/Sites/board/dietcake/core/controller.php:46
[11-Dec-2013 21:41:51 Asia/Manila] PHP   5. Thread::get_comments() /Users/yu-m/Sites/board/app/controllers/thread_controller.php:11
[11-Dec-2013 21:42:35 Asia/Manila] PHP Notice:  Undefined variable: rows in /Users/yu-m/Sites/board/app/models/thread.php on line 24
[11-Dec-2013 21:42:35 Asia/Manila] PHP Stack trace:
[11-Dec-2013 21:42:35 Asia/Manila] PHP   1. {main}() /Users/yu-m/Sites/board/app/webroot/index.php:0
[11-Dec-2013 21:42:35 Asia/Manila] PHP   2. Dispatcher::invoke() /Users/yu-m/Sites/board/app/webroot/index.php:7
[11-Dec-2013 21:42:35 Asia/Manila] PHP   3. Controller->dispatchAction() /Users/yu-m/Sites/board/dietcake/core/dispatcher.php:12
[11-Dec-2013 21:42:35 Asia/Manila] PHP   4. ThreadController->view() /Users/yu-m/Sites/board/dietcake/core/controller.php:46
[11-Dec-2013 21:42:35 Asia/Manila] PHP   5. Thread->get_comments() /Users/yu-m/Sites/board/app/controllers/thread_controller.php:11
[11-Dec-2013 21:42:35 Asia/Manila] PHP Warning:  Invalid argument supplied for foreach() in /Users/yu-m/Sites/board/app/models/thread.php on line 24
[11-Dec-2013 21:42:35 Asia/Manila] PHP Stack trace:
[11-Dec-2013 21:42:35 Asia/Manila] PHP   1. {main}() /Users/yu-m/Sites/board/app/webroot/index.php:0
[11-Dec-2013 21:42:35 Asia/Manila] PHP   2. Dispatcher::invoke() /Users/yu-m/Sites/board/app/webroot/index.php:7
[11-Dec-2013 21:42:35 Asia/Manila] PHP   3. Controller->dispatchAction() /Users/yu-m/Sites/board/dietcake/core/dispatcher.php:12
[11-Dec-2013 21:42:35 Asia/Manila] PHP   4. ThreadController->view() /Users/yu-m/Sites/board/dietcake/core/controller.php:46
[11-Dec-2013 21:42:35 Asia/Manila] PHP   5. Thread->get_comments() /Users/yu-m/Sites/board/app/controllers/thread_controller.php:11
[11-Dec-2013 21:43:02 Asia/Manila] PHP Notice:  Undefined variable: rows in /Users/yu-m/Sites/board/app/models/thread.php on line 24
[11-Dec-2013 21:43:02 Asia/Manila] PHP Stack trace:
[11-Dec-2013 21:43:02 Asia/Manila] PHP   1. {main}() /Users/yu-m/Sites/board/app/webroot/index.php:0
[11-Dec-2013 21:43:02 Asia/Manila] PHP   2. Dispatcher::invoke() /Users/yu-m/Sites/board/app/webroot/index.php:7
[11-Dec-2013 21:43:02 Asia/Manila] PHP   3. Controller->dispatchAction() /Users/yu-m/Sites/board/dietcake/core/dispatcher.php:12
[11-Dec-2013 21:43:02 Asia/Manila] PHP   4. ThreadController->view() /Users/yu-m/Sites/board/dietcake/core/controller.php:46
[11-Dec-2013 21:43:02 Asia/Manila] PHP   5. Thread->get_comments() /Users/yu-m/Sites/board/app/controllers/thread_controller.php:11
[11-Dec-2013 21:43:02 Asia/Manila] PHP Warning:  Invalid argument supplied for foreach() in /Users/yu-m/Sites/board/app/models/thread.php on line 24
[11-Dec-2013 21:43:02 Asia/Manila] PHP Stack trace:
[11-Dec-2013 21:43:02 Asia/Manila] PHP   1. {main}() /Users/yu-m/Sites/board/app/webroot/index.php:0
[11-Dec-2013 21:43:02 Asia/Manila] PHP   2. Dispatcher::invoke() /Users/yu-m/Sites/board/app/webroot/index.php:7
[11-Dec-2013 21:43:02 Asia/Manila] PHP   3. Controller->dispatchAction() /Users/yu-m/Sites/board/dietcake/core/dispatcher.php:12
[11-Dec-2013 21:43:02 Asia/Manila] PHP   4. ThreadController->view() /Users/yu-m/Sites/board/dietcake/core/controller.php:46
[11-Dec-2013 21:43:02 Asia/Manila] PHP   5. Thread->get_comments() /Users/yu-m/Sites/board/app/controllers/thread_controller.php:11
[11-Dec-2013 21:43:05 Asia/Manila] PHP Notice:  Undefined variable: rows in /Users/yu-m/Sites/board/app/models/thread.php on line 24
[11-Dec-2013 21:43:05 Asia/Manila] PHP Stack trace:
[11-Dec-2013 21:43:05 Asia/Manila] PHP   1. {main}() /Users/yu-m/Sites/board/app/webroot/index.php:0
[11-Dec-2013 21:43:05 Asia/Manila] PHP   2. Dispatcher::invoke() /Users/yu-m/Sites/board/app/webroot/index.php:7
[11-Dec-2013 21:43:05 Asia/Manila] PHP   3. Controller->dispatchAction() /Users/yu-m/Sites/board/dietcake/core/dispatcher.php:12
[11-Dec-2013 21:43:05 Asia/Manila] PHP   4. ThreadController->view() /Users/yu-m/Sites/board/dietcake/core/controller.php:46
[11-Dec-2013 21:43:05 Asia/Manila] PHP   5. Thread->get_comments() /Users/yu-m/Sites/board/app/controllers/thread_controller.php:11
[11-Dec-2013 21:43:05 Asia/Manila] PHP Warning:  Invalid argument supplied for foreach() in /Users/yu-m/Sites/board/app/models/thread.php on line 24
[11-Dec-2013 21:43:05 Asia/Manila] PHP Stack trace:
[11-Dec-2013 21:43:05 Asia/Manila] PHP   1. {main}() /Users/yu-m/Sites/board/app/webroot/index.php:0
[11-Dec-2013 21:43:05 Asia/Manila] PHP   2. Dispatcher::invoke() /Users/yu-m/Sites/board/app/webroot/index.php:7
[11-Dec-2013 21:43:05 Asia/Manila] PHP   3. Controller->dispatchAction() /Users/yu-m/Sites/board/dietcake/core/dispatcher.php:12
[11-Dec-2013 21:43:05 Asia/Manila] PHP   4. ThreadController->view() /Users/yu-m/Sites/board/dietcake/core/controller.php:46
[11-Dec-2013 21:43:05 Asia/Manila] PHP   5. Thread->get_comments() /Users/yu-m/Sites/board/app/controllers/thread_controller.php:11
[11-Dec-2013 21:43:07 Asia/Manila] PHP Notice:  Undefined variable: rows in /Users/yu-m/Sites/board/app/models/thread.php on line 24
[11-Dec-2013 21:43:07 Asia/Manila] PHP Stack trace:
[11-Dec-2013 21:43:07 Asia/Manila] PHP   1. {main}() /Users/yu-m/Sites/board/app/webroot/index.php:0
[11-Dec-2013 21:43:07 Asia/Manila] PHP   2. Dispatcher::invoke() /Users/yu-m/Sites/board/app/webroot/index.php:7
[11-Dec-2013 21:43:07 Asia/Manila] PHP   3. Controller->dispatchAction() /Users/yu-m/Sites/board/dietcake/core/dispatcher.php:12
[11-Dec-2013 21:43:07 Asia/Manila] PHP   4. ThreadController->view() /Users/yu-m/Sites/board/dietcake/core/controller.php:46
[11-Dec-2013 21:43:07 Asia/Manila] PHP   5. Thread->get_comments() /Users/yu-m/Sites/board/app/controllers/thread_controller.php:11
[11-Dec-2013 21:43:07 Asia/Manila] PHP Warning:  Invalid argument supplied for foreach() in /Users/yu-m/Sites/board/app/models/thread.php on line 24
[11-Dec-2013 21:43:07 Asia/Manila] PHP Stack trace:
[11-Dec-2013 21:43:07 Asia/Manila] PHP   1. {main}() /Users/yu-m/Sites/board/app/webroot/index.php:0
[11-Dec-2013 21:43:07 Asia/Manila] PHP   2. Dispatcher::invoke() /Users/yu-m/Sites/board/app/webroot/index.php:7
[11-Dec-2013 21:43:07 Asia/Manila] PHP   3. Controller->dispatchAction() /Users/yu-m/Sites/board/dietcake/core/dispatcher.php:12
[11-Dec-2013 21:43:07 Asia/Manila] PHP   4. ThreadController->view() /Users/yu-m/Sites/board/dietcake/core/controller.php:46
[11-Dec-2013 21:43:07 Asia/Manila] PHP   5. Thread->get_comments() /Users/yu-m/Sites/board/app/controllers/thread_controller.php:11
[11-Dec-2013 21:43:10 Asia/Manila] PHP Notice:  Undefined variable: rows in /Users/yu-m/Sites/board/app/models/thread.php on line 24
[11-Dec-2013 21:43:10 Asia/Manila] PHP Stack trace:
[11-Dec-2013 21:43:10 Asia/Manila] PHP   1. {main}() /Users/yu-m/Sites/board/app/webroot/index.php:0
[11-Dec-2013 21:43:10 Asia/Manila] PHP   2. Dispatcher::invoke() /Users/yu-m/Sites/board/app/webroot/index.php:7
[11-Dec-2013 21:43:10 Asia/Manila] PHP   3. Controller->dispatchAction() /Users/yu-m/Sites/board/dietcake/core/dispatcher.php:12
[11-Dec-2013 21:43:10 Asia/Manila] PHP   4. ThreadController->view() /Users/yu-m/Sites/board/dietcake/core/controller.php:46
[11-Dec-2013 21:43:10 Asia/Manila] PHP   5. Thread->get_comments() /Users/yu-m/Sites/board/app/controllers/thread_controller.php:11
[11-Dec-2013 21:43:10 Asia/Manila] PHP Warning:  Invalid argument supplied for foreach() in /Users/yu-m/Sites/board/app/models/thread.php on line 24
[11-Dec-2013 21:43:10 Asia/Manila] PHP Stack trace:
[11-Dec-2013 21:43:10 Asia/Manila] PHP   1. {main}() /Users/yu-m/Sites/board/app/webroot/index.php:0
[11-Dec-2013 21:43:10 Asia/Manila] PHP   2. Dispatcher::invoke() /Users/yu-m/Sites/board/app/webroot/index.php:7
[11-Dec-2013 21:43:10 Asia/Manila] PHP   3. Controller->dispatchAction() /Users/yu-m/Sites/board/dietcake/core/dispatcher.php:12
[11-Dec-2013 21:43:10 Asia/Manila] PHP   4. ThreadController->view() /Users/yu-m/Sites/board/dietcake/core/controller.php:46
[11-Dec-2013 21:43:10 Asia/Manila] PHP   5. Thread->get_comments() /Users/yu-m/Sites/board/app/controllers/thread_controller.php:11
[11-Dec-2013 21:43:12 Asia/Manila] PHP Notice:  Undefined variable: rows in /Users/yu-m/Sites/board/app/models/thread.php on line 24
[11-Dec-2013 21:43:12 Asia/Manila] PHP Stack trace:
[11-Dec-2013 21:43:12 Asia/Manila] PHP   1. {main}() /Users/yu-m/Sites/board/app/webroot/index.php:0
[11-Dec-2013 21:43:12 Asia/Manila] PHP   2. Dispatcher::invoke() /Users/yu-m/Sites/board/app/webroot/index.php:7
[11-Dec-2013 21:43:12 Asia/Manila] PHP   3. Controller->dispatchAction() /Users/yu-m/Sites/board/dietcake/core/dispatcher.php:12
[11-Dec-2013 21:43:12 Asia/Manila] PHP   4. ThreadController->view() /Users/yu-m/Sites/board/dietcake/core/controller.php:46
[11-Dec-2013 21:43:12 Asia/Manila] PHP   5. Thread->get_comments() /Users/yu-m/Sites/board/app/controllers/thread_controller.php:11
[11-Dec-2013 21:43:12 Asia/Manila] PHP Warning:  Invalid argument supplied for foreach() in /Users/yu-m/Sites/board/app/models/thread.php on line 24
[11-Dec-2013 21:43:12 Asia/Manila] PHP Stack trace:
[11-Dec-2013 21:43:12 Asia/Manila] PHP   1. {main}() /Users/yu-m/Sites/board/app/webroot/index.php:0
[11-Dec-2013 21:43:12 Asia/Manila] PHP   2. Dispatcher::invoke() /Users/yu-m/Sites/board/app/webroot/index.php:7
[11-Dec-2013 21:43:12 Asia/Manila] PHP   3. Controller->dispatchAction() /Users/yu-m/Sites/board/dietcake/core/dispatcher.php:12
[11-Dec-2013 21:43:12 Asia/Manila] PHP   4. ThreadController->view() /Users/yu-m/Sites/board/dietcake/core/controller.php:46
[11-Dec-2013 21:43:12 Asia/Manila] PHP   5. Thread->get_comments() /Users/yu-m/Sites/board/app/controllers/thread_controller.php:11
[11-Dec-2013 21:43:38 Asia/Manila] PHP Notice:  Undefined variable: rows in /Users/yu-m/Sites/board/app/models/thread.php on line 24
[11-Dec-2013 21:43:38 Asia/Manila] PHP Stack trace:
[11-Dec-2013 21:43:38 Asia/Manila] PHP   1. {main}() /Users/yu-m/Sites/board/app/webroot/index.php:0
[11-Dec-2013 21:43:38 Asia/Manila] PHP   2. Dispatcher::invoke() /Users/yu-m/Sites/board/app/webroot/index.php:7
[11-Dec-2013 21:43:38 Asia/Manila] PHP   3. Controller->dispatchAction() /Users/yu-m/Sites/board/dietcake/core/dispatcher.php:12
[11-Dec-2013 21:43:38 Asia/Manila] PHP   4. ThreadController->view() /Users/yu-m/Sites/board/dietcake/core/controller.php:46
[11-Dec-2013 21:43:38 Asia/Manila] PHP   5. Thread->get_comments() /Users/yu-m/Sites/board/app/controllers/thread_controller.php:11
[11-Dec-2013 21:43:38 Asia/Manila] PHP Warning:  Invalid argument supplied for foreach() in /Users/yu-m/Sites/board/app/models/thread.php on line 24
[11-Dec-2013 21:43:38 Asia/Manila] PHP Stack trace:
[11-Dec-2013 21:43:38 Asia/Manila] PHP   1. {main}() /Users/yu-m/Sites/board/app/webroot/index.php:0
[11-Dec-2013 21:43:38 Asia/Manila] PHP   2. Dispatcher::invoke() /Users/yu-m/Sites/board/app/webroot/index.php:7
[11-Dec-2013 21:43:38 Asia/Manila] PHP   3. Controller->dispatchAction() /Users/yu-m/Sites/board/dietcake/core/dispatcher.php:12
[11-Dec-2013 21:43:38 Asia/Manila] PHP   4. ThreadController->view() /Users/yu-m/Sites/board/dietcake/core/controller.php:46
[11-Dec-2013 21:43:38 Asia/Manila] PHP   5. Thread->get_comments() /Users/yu-m/Sites/board/app/controllers/thread_controller.php:11
[11-Dec-2013 21:44:27 Asia/Manila] PHP Notice:  Undefined variable: v in /Users/yu-m/Sites/board/app/views/thread/view.php on line 4
[11-Dec-2013 21:44:27 Asia/Manila] PHP Stack trace:
[11-Dec-2013 21:44:27 Asia/Manila] PHP   1. {main}() /Users/yu-m/Sites/board/app/webroot/index.php:0
[11-Dec-2013 21:44:27 Asia/Manila] PHP   2. Dispatcher::invoke() /Users/yu-m/Sites/board/app/webroot/index.php:7
[11-Dec-2013 21:44:27 Asia/Manila] PHP   3. Controller->dispatchAction() /Users/yu-m/Sites/board/dietcake/core/dispatcher.php:12
[11-Dec-2013 21:44:27 Asia/Manila] PHP   4. Controller->render() /Users/yu-m/Sites/board/dietcake/core/controller.php:48
[11-Dec-2013 21:44:27 Asia/Manila] PHP   5. AppLayoutView->render() /Users/yu-m/Sites/board/dietcake/core/controller.php:83
[11-Dec-2013 21:44:27 Asia/Manila] PHP   6. AppLayoutView::extractAndMerge() /Users/yu-m/Sites/board/app/app_layout_view.php:23
[11-Dec-2013 21:44:27 Asia/Manila] PHP   7. include() /Users/yu-m/Sites/board/app/app_layout_view.php:41
[11-Dec-2013 21:44:27 Asia/Manila] PHP Strict standards:  Creating default object from empty value in /Users/yu-m/Sites/board/app/views/thread/view.php on line 4
[11-Dec-2013 21:44:27 Asia/Manila] PHP Stack trace:
[11-Dec-2013 21:44:27 Asia/Manila] PHP   1. {main}() /Users/yu-m/Sites/board/app/webroot/index.php:0
[11-Dec-2013 21:44:27 Asia/Manila] PHP   2. Dispatcher::invoke() /Users/yu-m/Sites/board/app/webroot/index.php:7
[11-Dec-2013 21:44:27 Asia/Manila] PHP   3. Controller->dispatchAction() /Users/yu-m/Sites/board/dietcake/core/dispatcher.php:12
[11-Dec-2013 21:44:27 Asia/Manila] PHP   4. Controller->render() /Users/yu-m/Sites/board/dietcake/core/controller.php:48
[11-Dec-2013 21:44:27 Asia/Manila] PHP   5. AppLayoutView->render() /Users/yu-m/Sites/board/dietcake/core/controller.php:83
[11-Dec-2013 21:44:27 Asia/Manila] PHP   6. AppLayoutView::extractAndMerge() /Users/yu-m/Sites/board/app/app_layout_view.php:23
[11-Dec-2013 21:44:27 Asia/Manila] PHP   7. include() /Users/yu-m/Sites/board/app/app_layout_view.php:41
[11-Dec-2013 21:44:27 Asia/Manila] PHP Fatal error:  Cannot access empty property in /Users/yu-m/Sites/board/app/views/thread/view.php on line 4
[11-Dec-2013 21:44:27 Asia/Manila] PHP Stack trace:
[11-Dec-2013 21:44:27 Asia/Manila] PHP   1. {main}() /Users/yu-m/Sites/board/app/webroot/index.php:0
[11-Dec-2013 21:44:27 Asia/Manila] PHP   2. Dispatcher::invoke() /Users/yu-m/Sites/board/app/webroot/index.php:7
[11-Dec-2013 21:44:27 Asia/Manila] PHP   3. Controller->dispatchAction() /Users/yu-m/Sites/board/dietcake/core/dispatcher.php:12
[11-Dec-2013 21:44:27 Asia/Manila] PHP   4. Controller->render() /Users/yu-m/Sites/board/dietcake/core/controller.php:48
[11-Dec-2013 21:44:27 Asia/Manila] PHP   5. AppLayoutView->render() /Users/yu-m/Sites/board/dietcake/core/controller.php:83
[11-Dec-2013 21:44:27 Asia/Manila] PHP   6. AppLayoutView::extractAndMerge() /Users/yu-m/Sites/board/app/app_layout_view.php:23
[11-Dec-2013 21:44:27 Asia/Manila] PHP   7. include() /Users/yu-m/Sites/board/app/app_layout_view.php:41
[11-Dec-2013 21:44:56 Asia/Manila] PHP Notice:  Undefined variable: v in /Users/yu-m/Sites/board/app/views/thread/view.php on line 4
[11-Dec-2013 21:44:56 Asia/Manila] PHP Stack trace:
[11-Dec-2013 21:44:56 Asia/Manila] PHP   1. {main}() /Users/yu-m/Sites/board/app/webroot/index.php:0
[11-Dec-2013 21:44:56 Asia/Manila] PHP   2. Dispatcher::invoke() /Users/yu-m/Sites/board/app/webroot/index.php:7
[11-Dec-2013 21:44:56 Asia/Manila] PHP   3. Controller->dispatchAction() /Users/yu-m/Sites/board/dietcake/core/dispatcher.php:12
[11-Dec-2013 21:44:56 Asia/Manila] PHP   4. Controller->render() /Users/yu-m/Sites/board/dietcake/core/controller.php:48
[11-Dec-2013 21:44:56 Asia/Manila] PHP   5. AppLayoutView->render() /Users/yu-m/Sites/board/dietcake/core/controller.php:83
[11-Dec-2013 21:44:56 Asia/Manila] PHP   6. AppLayoutView::extractAndMerge() /Users/yu-m/Sites/board/app/app_layout_view.php:23
[11-Dec-2013 21:44:56 Asia/Manila] PHP   7. include() /Users/yu-m/Sites/board/app/app_layout_view.php:41
[11-Dec-2013 21:44:56 Asia/Manila] PHP Strict standards:  Creating default object from empty value in /Users/yu-m/Sites/board/app/views/thread/view.php on line 4
[11-Dec-2013 21:44:56 Asia/Manila] PHP Stack trace:
[11-Dec-2013 21:44:56 Asia/Manila] PHP   1. {main}() /Users/yu-m/Sites/board/app/webroot/index.php:0
[11-Dec-2013 21:44:56 Asia/Manila] PHP   2. Dispatcher::invoke() /Users/yu-m/Sites/board/app/webroot/index.php:7
[11-Dec-2013 21:44:56 Asia/Manila] PHP   3. Controller->dispatchAction() /Users/yu-m/Sites/board/dietcake/core/dispatcher.php:12
[11-Dec-2013 21:44:56 Asia/Manila] PHP   4. Controller->render() /Users/yu-m/Sites/board/dietcake/core/controller.php:48
[11-Dec-2013 21:44:56 Asia/Manila] PHP   5. AppLayoutView->render() /Users/yu-m/Sites/board/dietcake/core/controller.php:83
[11-Dec-2013 21:44:56 Asia/Manila] PHP   6. AppLayoutView::extractAndMerge() /Users/yu-m/Sites/board/app/app_layout_view.php:23
[11-Dec-2013 21:44:56 Asia/Manila] PHP   7. include() /Users/yu-m/Sites/board/app/app_layout_view.php:41
[11-Dec-2013 21:44:56 Asia/Manila] PHP Fatal error:  Cannot access empty property in /Users/yu-m/Sites/board/app/views/thread/view.php on line 4
[11-Dec-2013 21:44:56 Asia/Manila] PHP Stack trace:
[11-Dec-2013 21:44:56 Asia/Manila] PHP   1. {main}() /Users/yu-m/Sites/board/app/webroot/index.php:0
[11-Dec-2013 21:44:56 Asia/Manila] PHP   2. Dispatcher::invoke() /Users/yu-m/Sites/board/app/webroot/index.php:7
[11-Dec-2013 21:44:56 Asia/Manila] PHP   3. Controller->dispatchAction() /Users/yu-m/Sites/board/dietcake/core/dispatcher.php:12
[11-Dec-2013 21:44:56 Asia/Manila] PHP   4. Controller->render() /Users/yu-m/Sites/board/dietcake/core/controller.php:48
[11-Dec-2013 21:44:56 Asia/Manila] PHP   5. AppLayoutView->render() /Users/yu-m/Sites/board/dietcake/core/controller.php:83
[11-Dec-2013 21:44:56 Asia/Manila] PHP   6. AppLayoutView::extractAndMerge() /Users/yu-m/Sites/board/app/app_layout_view.php:23
[11-Dec-2013 21:44:56 Asia/Manila] PHP   7. include() /Users/yu-m/Sites/board/app/app_layout_view.php:41
[11-Dec-2013 21:44:59 Asia/Manila] PHP Notice:  Undefined variable: v in /Users/yu-m/Sites/board/app/views/thread/view.php on line 4
[11-Dec-2013 21:44:59 Asia/Manila] PHP Stack trace:
[11-Dec-2013 21:44:59 Asia/Manila] PHP   1. {main}() /Users/yu-m/Sites/board/app/webroot/index.php:0
[11-Dec-2013 21:44:59 Asia/Manila] PHP   2. Dispatcher::invoke() /Users/yu-m/Sites/board/app/webroot/index.php:7
[11-Dec-2013 21:44:59 Asia/Manila] PHP   3. Controller->dispatchAction() /Users/yu-m/Sites/board/dietcake/core/dispatcher.php:12
[11-Dec-2013 21:44:59 Asia/Manila] PHP   4. Controller->render() /Users/yu-m/Sites/board/dietcake/core/controller.php:48
[11-Dec-2013 21:44:59 Asia/Manila] PHP   5. AppLayoutView->render() /Users/yu-m/Sites/board/dietcake/core/controller.php:83
[11-Dec-2013 21:44:59 Asia/Manila] PHP   6. AppLayoutView::extractAndMerge() /Users/yu-m/Sites/board/app/app_layout_view.php:23
[11-Dec-2013 21:44:59 Asia/Manila] PHP   7. include() /Users/yu-m/Sites/board/app/app_layout_view.php:41
[11-Dec-2013 21:44:59 Asia/Manila] PHP Strict standards:  Creating default object from empty value in /Users/yu-m/Sites/board/app/views/thread/view.php on line 4
[11-Dec-2013 21:44:59 Asia/Manila] PHP Stack trace:
[11-Dec-2013 21:44:59 Asia/Manila] PHP   1. {main}() /Users/yu-m/Sites/board/app/webroot/index.php:0
[11-Dec-2013 21:44:59 Asia/Manila] PHP   2. Dispatcher::invoke() /Users/yu-m/Sites/board/app/webroot/index.php:7
[11-Dec-2013 21:44:59 Asia/Manila] PHP   3. Controller->dispatchAction() /Users/yu-m/Sites/board/dietcake/core/dispatcher.php:12
[11-Dec-2013 21:44:59 Asia/Manila] PHP   4. Controller->render() /Users/yu-m/Sites/board/dietcake/core/controller.php:48
[11-Dec-2013 21:44:59 Asia/Manila] PHP   5. AppLayoutView->render() /Users/yu-m/Sites/board/dietcake/core/controller.php:83
[11-Dec-2013 21:44:59 Asia/Manila] PHP   6. AppLayoutView::extractAndMerge() /Users/yu-m/Sites/board/app/app_layout_view.php:23
[11-Dec-2013 21:44:59 Asia/Manila] PHP   7. include() /Users/yu-m/Sites/board/app/app_layout_view.php:41
[11-Dec-2013 21:44:59 Asia/Manila] PHP Fatal error:  Cannot access empty property in /Users/yu-m/Sites/board/app/views/thread/view.php on line 4
[11-Dec-2013 21:44:59 Asia/Manila] PHP Stack trace:
[11-Dec-2013 21:44:59 Asia/Manila] PHP   1. {main}() /Users/yu-m/Sites/board/app/webroot/index.php:0
[11-Dec-2013 21:44:59 Asia/Manila] PHP   2. Dispatcher::invoke() /Users/yu-m/Sites/board/app/webroot/index.php:7
[11-Dec-2013 21:44:59 Asia/Manila] PHP   3. Controller->dispatchAction() /Users/yu-m/Sites/board/dietcake/core/dispatcher.php:12
[11-Dec-2013 21:44:59 Asia/Manila] PHP   4. Controller->render() /Users/yu-m/Sites/board/dietcake/core/controller.php:48
[11-Dec-2013 21:44:59 Asia/Manila] PHP   5. AppLayoutView->render() /Users/yu-m/Sites/board/dietcake/core/controller.php:83
[11-Dec-2013 21:44:59 Asia/Manila] PHP   6. AppLayoutView::extractAndMerge() /Users/yu-m/Sites/board/app/app_layout_view.php:23
[11-Dec-2013 21:44:59 Asia/Manila] PHP   7. include() /Users/yu-m/Sites/board/app/app_layout_view.php:41
[11-Dec-2013 22:00:16 Asia/Manila] PHP Warning:  require(/Users/yu-m/Sites/board/app/controllers/thread<php_eh(url('thread_controller.php): failed to open stream: No such file or directory in /Users/yu-m/Sites/board/app/config/bootstrap.php on line 23
[11-Dec-2013 22:00:16 Asia/Manila] PHP Stack trace:
[11-Dec-2013 22:00:16 Asia/Manila] PHP   1. {main}() /Users/yu-m/Sites/board/app/webroot/index.php:0
[11-Dec-2013 22:00:16 Asia/Manila] PHP   2. Dispatcher::invoke() /Users/yu-m/Sites/board/app/webroot/index.php:7
[11-Dec-2013 22:00:16 Asia/Manila] PHP   3. Dispatcher::getController() /Users/yu-m/Sites/board/dietcake/core/dispatcher.php:8
[11-Dec-2013 22:00:16 Asia/Manila] PHP   4. class_exists() /Users/yu-m/Sites/board/dietcake/core/dispatcher.php:41
[11-Dec-2013 22:00:16 Asia/Manila] PHP   5. {closure}() /Users/yu-m/Sites/board/dietcake/core/dispatcher.php:0
[11-Dec-2013 22:00:16 Asia/Manila] PHP Fatal error:  require(): Failed opening required '/Users/yu-m/Sites/board/app/controllers/thread<php_eh(url('thread_controller.php' (include_path='.:') in /Users/yu-m/Sites/board/app/config/bootstrap.php on line 23
[11-Dec-2013 22:00:16 Asia/Manila] PHP Stack trace:
[11-Dec-2013 22:00:16 Asia/Manila] PHP   1. {main}() /Users/yu-m/Sites/board/app/webroot/index.php:0
[11-Dec-2013 22:00:16 Asia/Manila] PHP   2. Dispatcher::invoke() /Users/yu-m/Sites/board/app/webroot/index.php:7
[11-Dec-2013 22:00:16 Asia/Manila] PHP   3. Dispatcher::getController() /Users/yu-m/Sites/board/dietcake/core/dispatcher.php:8
[11-Dec-2013 22:00:16 Asia/Manila] PHP   4. class_exists() /Users/yu-m/Sites/board/dietcake/core/dispatcher.php:41
[11-Dec-2013 22:00:16 Asia/Manila] PHP   5. {closure}() /Users/yu-m/Sites/board/dietcake/core/dispatcher.php:0
[11-Dec-2013 22:01:05 Asia/Manila] PHP Warning:  require(/Users/yu-m/Sites/board/app/controllers/thread<php_eh(url('thread_controller.php): failed to open stream: No such file or directory in /Users/yu-m/Sites/board/app/config/bootstrap.php on line 23
[11-Dec-2013 22:01:05 Asia/Manila] PHP Stack trace:
[11-Dec-2013 22:01:05 Asia/Manila] PHP   1. {main}() /Users/yu-m/Sites/board/app/webroot/index.php:0
[11-Dec-2013 22:01:05 Asia/Manila] PHP   2. Dispatcher::invoke() /Users/yu-m/Sites/board/app/webroot/index.php:7
[11-Dec-2013 22:01:05 Asia/Manila] PHP   3. Dispatcher::getController() /Users/yu-m/Sites/board/dietcake/core/dispatcher.php:8
[11-Dec-2013 22:01:05 Asia/Manila] PHP   4. class_exists() /Users/yu-m/Sites/board/dietcake/core/dispatcher.php:41
[11-Dec-2013 22:01:05 Asia/Manila] PHP   5. {closure}() /Users/yu-m/Sites/board/dietcake/core/dispatcher.php:0
[11-Dec-2013 22:01:05 Asia/Manila] PHP Fatal error:  require(): Failed opening required '/Users/yu-m/Sites/board/app/controllers/thread<php_eh(url('thread_controller.php' (include_path='.:') in /Users/yu-m/Sites/board/app/config/bootstrap.php on line 23
[11-Dec-2013 22:01:05 Asia/Manila] PHP Stack trace:
[11-Dec-2013 22:01:05 Asia/Manila] PHP   1. {main}() /Users/yu-m/Sites/board/app/webroot/index.php:0
[11-Dec-2013 22:01:05 Asia/Manila] PHP   2. Dispatcher::invoke() /Users/yu-m/Sites/board/app/webroot/index.php:7
[11-Dec-2013 22:01:05 Asia/Manila] PHP   3. Dispatcher::getController() /Users/yu-m/Sites/board/dietcake/core/dispatcher.php:8
[11-Dec-2013 22:01:05 Asia/Manila] PHP   4. class_exists() /Users/yu-m/Sites/board/dietcake/core/dispatcher.php:41
[11-Dec-2013 22:01:05 Asia/Manila] PHP   5. {closure}() /Users/yu-m/Sites/board/dietcake/core/dispatcher.php:0
[11-Dec-2013 22:01:10 Asia/Manila] PHP Parse error:  parse error in /Users/yu-m/Sites/board/app/views/thread/view.php on line 24
[11-Dec-2013 22:01:10 Asia/Manila] PHP Stack trace:
[11-Dec-2013 22:01:10 Asia/Manila] PHP   1. {main}() /Users/yu-m/Sites/board/app/webroot/index.php:0
[11-Dec-2013 22:01:10 Asia/Manila] PHP   2. Dispatcher::invoke() /Users/yu-m/Sites/board/app/webroot/index.php:7
[11-Dec-2013 22:01:10 Asia/Manila] PHP   3. Controller->dispatchAction() /Users/yu-m/Sites/board/dietcake/core/dispatcher.php:12
[11-Dec-2013 22:01:10 Asia/Manila] PHP   4. Controller->render() /Users/yu-m/Sites/board/dietcake/core/controller.php:48
[11-Dec-2013 22:01:10 Asia/Manila] PHP   5. AppLayoutView->render() /Users/yu-m/Sites/board/dietcake/core/controller.php:83
[11-Dec-2013 22:01:10 Asia/Manila] PHP   6. AppLayoutView::extractAndMerge() /Users/yu-m/Sites/board/app/app_layout_view.php:23
[11-Dec-2013 22:01:13 Asia/Manila] PHP Parse error:  parse error in /Users/yu-m/Sites/board/app/views/thread/view.php on line 24
[11-Dec-2013 22:01:13 Asia/Manila] PHP Stack trace:
[11-Dec-2013 22:01:13 Asia/Manila] PHP   1. {main}() /Users/yu-m/Sites/board/app/webroot/index.php:0
[11-Dec-2013 22:01:13 Asia/Manila] PHP   2. Dispatcher::invoke() /Users/yu-m/Sites/board/app/webroot/index.php:7
[11-Dec-2013 22:01:13 Asia/Manila] PHP   3. Controller->dispatchAction() /Users/yu-m/Sites/board/dietcake/core/dispatcher.php:12
[11-Dec-2013 22:01:13 Asia/Manila] PHP   4. Controller->render() /Users/yu-m/Sites/board/dietcake/core/controller.php:48
[11-Dec-2013 22:01:13 Asia/Manila] PHP   5. AppLayoutView->render() /Users/yu-m/Sites/board/dietcake/core/controller.php:83
[11-Dec-2013 22:01:13 Asia/Manila] PHP   6. AppLayoutView::extractAndMerge() /Users/yu-m/Sites/board/app/app_layout_view.php:23
[11-Dec-2013 22:02:29 Asia/Manila] PHP Parse error:  parse error in /Users/yu-m/Sites/board/app/views/thread/view.php on line 24
[11-Dec-2013 22:02:29 Asia/Manila] PHP Stack trace:
[11-Dec-2013 22:02:29 Asia/Manila] PHP   1. {main}() /Users/yu-m/Sites/board/app/webroot/index.php:0
[11-Dec-2013 22:02:29 Asia/Manila] PHP   2. Dispatcher::invoke() /Users/yu-m/Sites/board/app/webroot/index.php:7
[11-Dec-2013 22:02:29 Asia/Manila] PHP   3. Controller->dispatchAction() /Users/yu-m/Sites/board/dietcake/core/dispatcher.php:12
[11-Dec-2013 22:02:29 Asia/Manila] PHP   4. Controller->render() /Users/yu-m/Sites/board/dietcake/core/controller.php:48
[11-Dec-2013 22:02:29 Asia/Manila] PHP   5. AppLayoutView->render() /Users/yu-m/Sites/board/dietcake/core/controller.php:83
[11-Dec-2013 22:02:29 Asia/Manila] PHP   6. AppLayoutView::extractAndMerge() /Users/yu-m/Sites/board/app/app_layout_view.php:23
[11-Dec-2013 22:04:17 Asia/Manila] PHP Fatal error:  Uncaught exception 'DCException' with message 'action does not exist' in /Users/yu-m/Sites/board/dietcake/core/controller.php:36
Stack trace:
#0 /Users/yu-m/Sites/board/dietcake/core/dispatcher.php(12): Controller->dispatchAction()
#1 /Users/yu-m/Sites/board/app/webroot/index.php(7): Dispatcher::invoke()
#2 {main}
  thrown in /Users/yu-m/Sites/board/dietcake/core/controller.php on line 36
[11-Dec-2013 22:25:15 Asia/Manila] PHP Fatal error:  Uncaught exception 'DCException' with message '/Users/yu-m/Sites/board/app/views/thread/write_comment.php is not found' in /Users/yu-m/Sites/board/app/app_layout_view.php:34
Stack trace:
#0 /Users/yu-m/Sites/board/app/app_layout_view.php(23): AppLayoutView::extractAndMerge('/Users/yu-m/Sit...', Array)
#1 /Users/yu-m/Sites/board/dietcake/core/controller.php(83): AppLayoutView->render(NULL)
#2 /Users/yu-m/Sites/board/dietcake/core/controller.php(48): Controller->render()
#3 /Users/yu-m/Sites/board/dietcake/core/dispatcher.php(12): Controller->dispatchAction()
#4 /Users/yu-m/Sites/board/app/webroot/index.php(7): Dispatcher::invoke()
#5 {main}
  thrown in /Users/yu-m/Sites/board/app/app_layout_view.php on line 34
